2025-11-11 23:01:14,514 - main - INFO - Logging to file: logs/loader_20251111_230114.log
2025-11-11 23:01:27,624 - main - INFO - Health check called
2025-11-11 23:01:31,027 - main - INFO - === Starting background article processing ===
2025-11-11 23:01:31,028 - main - INFO - Background task queued successfully
2025-11-11 23:01:31,030 - loader - INFO - === Starting chunk_embed_load - Method: semantic-split ===
2025-11-11 23:01:31,032 - loader - INFO - Using tables - Articles: articles_test, Vectors: chunks_vector_test
2025-11-11 23:01:31,761 - loader - INFO - Connected to database
2025-11-11 23:01:33,300 - loader - INFO - Fetched 3 articles with vflag=0
2025-11-11 23:01:33,301 - loader - INFO - Initializing semantic splitter with VertexEmbeddings
2025-11-11 23:01:33,414 - loader - INFO - VertexEmbeddings initialized - Project: newsjuice-123456, Location: us-central1, Model: text-embedding-004, Dim: 768
2025-11-11 23:01:33,414 - loader - INFO - Semantic splitter initialized successfully
2025-11-11 23:01:33,455 - loader - INFO - VertexEmbeddings initialized - Project: newsjuice-123456, Location: us-central1, Model: text-embedding-004, Dim: 768
2025-11-11 23:01:33,455 - loader - INFO - [1/3] Processing article_id=DUMMY-1, title='Time for mandatory retirement ages for lawmakers, ...'
2025-11-11 23:01:34,471 - httpx - INFO - HTTP Request: POST https://us-central1-aiplatform.googleapis.com/v1beta1/projects/newsjuice-123456/locations/us-central1/publishers/google/models/text-embedding-004:predict "HTTP/1.1 200 OK"
2025-11-11 23:01:34,710 - httpx - INFO - HTTP Request: POST https://us-central1-aiplatform.googleapis.com/v1beta1/projects/newsjuice-123456/locations/us-central1/publishers/google/models/text-embedding-004:predict "HTTP/1.1 200 OK"
2025-11-11 23:01:35,210 - httpx - INFO - HTTP Request: POST https://us-central1-aiplatform.googleapis.com/v1beta1/projects/newsjuice-123456/locations/us-central1/publishers/google/models/text-embedding-004:predict "HTTP/1.1 200 OK"
2025-11-11 23:01:35,456 - httpx - INFO - HTTP Request: POST https://us-central1-aiplatform.googleapis.com/v1beta1/projects/newsjuice-123456/locations/us-central1/publishers/google/models/text-embedding-004:predict "HTTP/1.1 200 OK"
2025-11-11 23:01:35,944 - httpx - INFO - HTTP Request: POST https://us-central1-aiplatform.googleapis.com/v1beta1/projects/newsjuice-123456/locations/us-central1/publishers/google/models/text-embedding-004:predict "HTTP/1.1 200 OK"
2025-11-11 23:01:36,270 - httpx - INFO - HTTP Request: POST https://us-central1-aiplatform.googleapis.com/v1beta1/projects/newsjuice-123456/locations/us-central1/publishers/google/models/text-embedding-004:predict "HTTP/1.1 200 OK"
2025-11-11 23:01:36,680 - httpx - INFO - HTTP Request: POST https://us-central1-aiplatform.googleapis.com/v1beta1/projects/newsjuice-123456/locations/us-central1/publishers/google/models/text-embedding-004:predict "HTTP/1.1 200 OK"
2025-11-11 23:01:37,010 - httpx - INFO - HTTP Request: POST https://us-central1-aiplatform.googleapis.com/v1beta1/projects/newsjuice-123456/locations/us-central1/publishers/google/models/text-embedding-004:predict "HTTP/1.1 200 OK"
2025-11-11 23:01:37,420 - httpx - INFO - HTTP Request: POST https://us-central1-aiplatform.googleapis.com/v1beta1/projects/newsjuice-123456/locations/us-central1/publishers/google/models/text-embedding-004:predict "HTTP/1.1 200 OK"
2025-11-11 23:01:37,613 - httpx - INFO - HTTP Request: POST https://us-central1-aiplatform.googleapis.com/v1beta1/projects/newsjuice-123456/locations/us-central1/publishers/google/models/text-embedding-004:predict "HTTP/1.1 200 OK"
2025-11-11 23:01:37,910 - httpx - INFO - HTTP Request: POST https://us-central1-aiplatform.googleapis.com/v1beta1/projects/newsjuice-123456/locations/us-central1/publishers/google/models/text-embedding-004:predict "HTTP/1.1 200 OK"
2025-11-11 23:01:38,114 - httpx - INFO - HTTP Request: POST https://us-central1-aiplatform.googleapis.com/v1beta1/projects/newsjuice-123456/locations/us-central1/publishers/google/models/text-embedding-004:predict "HTTP/1.1 200 OK"
2025-11-11 23:01:38,524 - httpx - INFO - HTTP Request: POST https://us-central1-aiplatform.googleapis.com/v1beta1/projects/newsjuice-123456/locations/us-central1/publishers/google/models/text-embedding-004:predict "HTTP/1.1 200 OK"
2025-11-11 23:01:38,726 - httpx - INFO - HTTP Request: POST https://us-central1-aiplatform.googleapis.com/v1beta1/projects/newsjuice-123456/locations/us-central1/publishers/google/models/text-embedding-004:predict "HTTP/1.1 200 OK"
2025-11-11 23:01:39,259 - httpx - INFO - HTTP Request: POST https://us-central1-aiplatform.googleapis.com/v1beta1/projects/newsjuice-123456/locations/us-central1/publishers/google/models/text-embedding-004:predict "HTTP/1.1 200 OK"
2025-11-11 23:01:39,548 - httpx - INFO - HTTP Request: POST https://us-central1-aiplatform.googleapis.com/v1beta1/projects/newsjuice-123456/locations/us-central1/publishers/google/models/text-embedding-004:predict "HTTP/1.1 200 OK"
2025-11-11 23:01:39,745 - httpx - INFO - HTTP Request: POST https://us-central1-aiplatform.googleapis.com/v1beta1/projects/newsjuice-123456/locations/us-central1/publishers/google/models/text-embedding-004:predict "HTTP/1.1 200 OK"
2025-11-11 23:01:39,943 - httpx - INFO - HTTP Request: POST https://us-central1-aiplatform.googleapis.com/v1beta1/projects/newsjuice-123456/locations/us-central1/publishers/google/models/text-embedding-004:predict "HTTP/1.1 200 OK"
2025-11-11 23:01:40,191 - httpx - INFO - HTTP Request: POST https://us-central1-aiplatform.googleapis.com/v1beta1/projects/newsjuice-123456/locations/us-central1/publishers/google/models/text-embedding-004:predict "HTTP/1.1 200 OK"
2025-11-11 23:01:40,388 - httpx - INFO - HTTP Request: POST https://us-central1-aiplatform.googleapis.com/v1beta1/projects/newsjuice-123456/locations/us-central1/publishers/google/models/text-embedding-004:predict "HTTP/1.1 200 OK"
2025-11-11 23:01:40,609 - httpx - INFO - HTTP Request: POST https://us-central1-aiplatform.googleapis.com/v1beta1/projects/newsjuice-123456/locations/us-central1/publishers/google/models/text-embedding-004:predict "HTTP/1.1 200 OK"
2025-11-11 23:01:40,810 - httpx - INFO - HTTP Request: POST https://us-central1-aiplatform.googleapis.com/v1beta1/projects/newsjuice-123456/locations/us-central1/publishers/google/models/text-embedding-004:predict "HTTP/1.1 200 OK"
2025-11-11 23:01:41,014 - httpx - INFO - HTTP Request: POST https://us-central1-aiplatform.googleapis.com/v1beta1/projects/newsjuice-123456/locations/us-central1/publishers/google/models/text-embedding-004:predict "HTTP/1.1 200 OK"
2025-11-11 23:01:41,207 - httpx - INFO - HTTP Request: POST https://us-central1-aiplatform.googleapis.com/v1beta1/projects/newsjuice-123456/locations/us-central1/publishers/google/models/text-embedding-004:predict "HTTP/1.1 200 OK"
2025-11-11 23:01:41,427 - httpx - INFO - HTTP Request: POST https://us-central1-aiplatform.googleapis.com/v1beta1/projects/newsjuice-123456/locations/us-central1/publishers/google/models/text-embedding-004:predict "HTTP/1.1 200 OK"
2025-11-11 23:01:41,634 - httpx - INFO - HTTP Request: POST https://us-central1-aiplatform.googleapis.com/v1beta1/projects/newsjuice-123456/locations/us-central1/publishers/google/models/text-embedding-004:predict "HTTP/1.1 200 OK"
2025-11-11 23:01:41,838 - httpx - INFO - HTTP Request: POST https://us-central1-aiplatform.googleapis.com/v1beta1/projects/newsjuice-123456/locations/us-central1/publishers/google/models/text-embedding-004:predict "HTTP/1.1 200 OK"
2025-11-11 23:01:42,039 - httpx - INFO - HTTP Request: POST https://us-central1-aiplatform.googleapis.com/v1beta1/projects/newsjuice-123456/locations/us-central1/publishers/google/models/text-embedding-004:predict "HTTP/1.1 200 OK"
2025-11-11 23:01:42,240 - httpx - INFO - HTTP Request: POST https://us-central1-aiplatform.googleapis.com/v1beta1/projects/newsjuice-123456/locations/us-central1/publishers/google/models/text-embedding-004:predict "HTTP/1.1 200 OK"
2025-11-11 23:01:42,449 - httpx - INFO - HTTP Request: POST https://us-central1-aiplatform.googleapis.com/v1beta1/projects/newsjuice-123456/locations/us-central1/publishers/google/models/text-embedding-004:predict "HTTP/1.1 200 OK"
2025-11-11 23:01:42,656 - httpx - INFO - HTTP Request: POST https://us-central1-aiplatform.googleapis.com/v1beta1/projects/newsjuice-123456/locations/us-central1/publishers/google/models/text-embedding-004:predict "HTTP/1.1 200 OK"
2025-11-11 23:01:42,856 - httpx - INFO - HTTP Request: POST https://us-central1-aiplatform.googleapis.com/v1beta1/projects/newsjuice-123456/locations/us-central1/publishers/google/models/text-embedding-004:predict "HTTP/1.1 200 OK"
2025-11-11 23:01:43,052 - httpx - INFO - HTTP Request: POST https://us-central1-aiplatform.googleapis.com/v1beta1/projects/newsjuice-123456/locations/us-central1/publishers/google/models/text-embedding-004:predict "HTTP/1.1 200 OK"
2025-11-11 23:01:43,271 - httpx - INFO - HTTP Request: POST https://us-central1-aiplatform.googleapis.com/v1beta1/projects/newsjuice-123456/locations/us-central1/publishers/google/models/text-embedding-004:predict "HTTP/1.1 200 OK"
2025-11-11 23:01:43,572 - httpx - INFO - HTTP Request: POST https://us-central1-aiplatform.googleapis.com/v1beta1/projects/newsjuice-123456/locations/us-central1/publishers/google/models/text-embedding-004:predict "HTTP/1.1 200 OK"
2025-11-11 23:01:43,585 - loader - INFO - [1/3] Created 5 chunks for article_id=DUMMY-1
2025-11-11 23:01:43,592 - loader - INFO - [1/3] Starting embedding for 5 chunks
2025-11-11 23:01:44,519 - httpx - INFO - HTTP Request: POST https://us-central1-aiplatform.googleapis.com/v1beta1/projects/newsjuice-123456/locations/us-central1/publishers/google/models/text-embedding-004:predict "HTTP/1.1 200 OK"
2025-11-11 23:01:44,733 - httpx - INFO - HTTP Request: POST https://us-central1-aiplatform.googleapis.com/v1beta1/projects/newsjuice-123456/locations/us-central1/publishers/google/models/text-embedding-004:predict "HTTP/1.1 200 OK"
2025-11-11 23:01:45,285 - httpx - INFO - HTTP Request: POST https://us-central1-aiplatform.googleapis.com/v1beta1/projects/newsjuice-123456/locations/us-central1/publishers/google/models/text-embedding-004:predict "HTTP/1.1 200 OK"
2025-11-11 23:01:45,501 - httpx - INFO - HTTP Request: POST https://us-central1-aiplatform.googleapis.com/v1beta1/projects/newsjuice-123456/locations/us-central1/publishers/google/models/text-embedding-004:predict "HTTP/1.1 200 OK"
2025-11-11 23:01:46,131 - httpx - INFO - HTTP Request: POST https://us-central1-aiplatform.googleapis.com/v1beta1/projects/newsjuice-123456/locations/us-central1/publishers/google/models/text-embedding-004:predict "HTTP/1.1 200 OK"
2025-11-11 23:01:46,135 - loader - INFO - [1/3] Embedding completed for article_id=DUMMY-1
2025-11-11 23:01:46,871 - loader - INFO - [1/3] Inserted 5 chunks into chunks_vector_test
2025-11-11 23:01:46,982 - loader - INFO - [1/3] Updated vflag=1 for article_id=DUMMY-1
2025-11-11 23:01:46,983 - loader - INFO - [1/3] ✓ Article DUMMY-1 completed in 13.53s
2025-11-11 23:01:46,983 - loader - INFO - [2/3] Processing article_id=DUMMY-2, title='In dogs, as in humans, a harsh past might bare its...'
2025-11-11 23:01:47,181 - httpx - INFO - HTTP Request: POST https://us-central1-aiplatform.googleapis.com/v1beta1/projects/newsjuice-123456/locations/us-central1/publishers/google/models/text-embedding-004:predict "HTTP/1.1 200 OK"
2025-11-11 23:01:47,382 - httpx - INFO - HTTP Request: POST https://us-central1-aiplatform.googleapis.com/v1beta1/projects/newsjuice-123456/locations/us-central1/publishers/google/models/text-embedding-004:predict "HTTP/1.1 200 OK"
2025-11-11 23:01:47,583 - httpx - INFO - HTTP Request: POST https://us-central1-aiplatform.googleapis.com/v1beta1/projects/newsjuice-123456/locations/us-central1/publishers/google/models/text-embedding-004:predict "HTTP/1.1 200 OK"
2025-11-11 23:01:47,785 - httpx - INFO - HTTP Request: POST https://us-central1-aiplatform.googleapis.com/v1beta1/projects/newsjuice-123456/locations/us-central1/publishers/google/models/text-embedding-004:predict "HTTP/1.1 200 OK"
2025-11-11 23:01:47,986 - httpx - INFO - HTTP Request: POST https://us-central1-aiplatform.googleapis.com/v1beta1/projects/newsjuice-123456/locations/us-central1/publishers/google/models/text-embedding-004:predict "HTTP/1.1 200 OK"
2025-11-11 23:01:48,196 - httpx - INFO - HTTP Request: POST https://us-central1-aiplatform.googleapis.com/v1beta1/projects/newsjuice-123456/locations/us-central1/publishers/google/models/text-embedding-004:predict "HTTP/1.1 200 OK"
2025-11-11 23:01:48,402 - httpx - INFO - HTTP Request: POST https://us-central1-aiplatform.googleapis.com/v1beta1/projects/newsjuice-123456/locations/us-central1/publishers/google/models/text-embedding-004:predict "HTTP/1.1 200 OK"
2025-11-11 23:01:48,604 - httpx - INFO - HTTP Request: POST https://us-central1-aiplatform.googleapis.com/v1beta1/projects/newsjuice-123456/locations/us-central1/publishers/google/models/text-embedding-004:predict "HTTP/1.1 200 OK"
2025-11-11 23:01:48,801 - httpx - INFO - HTTP Request: POST https://us-central1-aiplatform.googleapis.com/v1beta1/projects/newsjuice-123456/locations/us-central1/publishers/google/models/text-embedding-004:predict "HTTP/1.1 200 OK"
2025-11-11 23:01:48,996 - httpx - INFO - HTTP Request: POST https://us-central1-aiplatform.googleapis.com/v1beta1/projects/newsjuice-123456/locations/us-central1/publishers/google/models/text-embedding-004:predict "HTTP/1.1 200 OK"
2025-11-11 23:01:49,193 - httpx - INFO - HTTP Request: POST https://us-central1-aiplatform.googleapis.com/v1beta1/projects/newsjuice-123456/locations/us-central1/publishers/google/models/text-embedding-004:predict "HTTP/1.1 200 OK"
2025-11-11 23:01:49,401 - httpx - INFO - HTTP Request: POST https://us-central1-aiplatform.googleapis.com/v1beta1/projects/newsjuice-123456/locations/us-central1/publishers/google/models/text-embedding-004:predict "HTTP/1.1 200 OK"
2025-11-11 23:01:49,603 - httpx - INFO - HTTP Request: POST https://us-central1-aiplatform.googleapis.com/v1beta1/projects/newsjuice-123456/locations/us-central1/publishers/google/models/text-embedding-004:predict "HTTP/1.1 200 OK"
2025-11-11 23:01:49,819 - httpx - INFO - HTTP Request: POST https://us-central1-aiplatform.googleapis.com/v1beta1/projects/newsjuice-123456/locations/us-central1/publishers/google/models/text-embedding-004:predict "HTTP/1.1 200 OK"
2025-11-11 23:01:50,014 - httpx - INFO - HTTP Request: POST https://us-central1-aiplatform.googleapis.com/v1beta1/projects/newsjuice-123456/locations/us-central1/publishers/google/models/text-embedding-004:predict "HTTP/1.1 200 OK"
2025-11-11 23:01:50,207 - httpx - INFO - HTTP Request: POST https://us-central1-aiplatform.googleapis.com/v1beta1/projects/newsjuice-123456/locations/us-central1/publishers/google/models/text-embedding-004:predict "HTTP/1.1 200 OK"
2025-11-11 23:01:50,408 - httpx - INFO - HTTP Request: POST https://us-central1-aiplatform.googleapis.com/v1beta1/projects/newsjuice-123456/locations/us-central1/publishers/google/models/text-embedding-004:predict "HTTP/1.1 200 OK"
2025-11-11 23:01:50,611 - httpx - INFO - HTTP Request: POST https://us-central1-aiplatform.googleapis.com/v1beta1/projects/newsjuice-123456/locations/us-central1/publishers/google/models/text-embedding-004:predict "HTTP/1.1 200 OK"
2025-11-11 23:01:50,809 - httpx - INFO - HTTP Request: POST https://us-central1-aiplatform.googleapis.com/v1beta1/projects/newsjuice-123456/locations/us-central1/publishers/google/models/text-embedding-004:predict "HTTP/1.1 200 OK"
2025-11-11 23:01:51,026 - httpx - INFO - HTTP Request: POST https://us-central1-aiplatform.googleapis.com/v1beta1/projects/newsjuice-123456/locations/us-central1/publishers/google/models/text-embedding-004:predict "HTTP/1.1 200 OK"
2025-11-11 23:01:51,224 - httpx - INFO - HTTP Request: POST https://us-central1-aiplatform.googleapis.com/v1beta1/projects/newsjuice-123456/locations/us-central1/publishers/google/models/text-embedding-004:predict "HTTP/1.1 200 OK"
2025-11-11 23:01:51,421 - httpx - INFO - HTTP Request: POST https://us-central1-aiplatform.googleapis.com/v1beta1/projects/newsjuice-123456/locations/us-central1/publishers/google/models/text-embedding-004:predict "HTTP/1.1 200 OK"
2025-11-11 23:01:51,612 - httpx - INFO - HTTP Request: POST https://us-central1-aiplatform.googleapis.com/v1beta1/projects/newsjuice-123456/locations/us-central1/publishers/google/models/text-embedding-004:predict "HTTP/1.1 200 OK"
2025-11-11 23:01:51,812 - httpx - INFO - HTTP Request: POST https://us-central1-aiplatform.googleapis.com/v1beta1/projects/newsjuice-123456/locations/us-central1/publishers/google/models/text-embedding-004:predict "HTTP/1.1 200 OK"
2025-11-11 23:01:52,019 - httpx - INFO - HTTP Request: POST https://us-central1-aiplatform.googleapis.com/v1beta1/projects/newsjuice-123456/locations/us-central1/publishers/google/models/text-embedding-004:predict "HTTP/1.1 200 OK"
2025-11-11 23:01:52,215 - httpx - INFO - HTTP Request: POST https://us-central1-aiplatform.googleapis.com/v1beta1/projects/newsjuice-123456/locations/us-central1/publishers/google/models/text-embedding-004:predict "HTTP/1.1 200 OK"
2025-11-11 23:01:52,419 - httpx - INFO - HTTP Request: POST https://us-central1-aiplatform.googleapis.com/v1beta1/projects/newsjuice-123456/locations/us-central1/publishers/google/models/text-embedding-004:predict "HTTP/1.1 200 OK"
2025-11-11 23:01:52,621 - httpx - INFO - HTTP Request: POST https://us-central1-aiplatform.googleapis.com/v1beta1/projects/newsjuice-123456/locations/us-central1/publishers/google/models/text-embedding-004:predict "HTTP/1.1 200 OK"
2025-11-11 23:01:52,825 - httpx - INFO - HTTP Request: POST https://us-central1-aiplatform.googleapis.com/v1beta1/projects/newsjuice-123456/locations/us-central1/publishers/google/models/text-embedding-004:predict "HTTP/1.1 200 OK"
2025-11-11 23:01:52,834 - loader - INFO - [2/3] Created 4 chunks for article_id=DUMMY-2
2025-11-11 23:01:52,840 - loader - INFO - [2/3] Starting embedding for 4 chunks
2025-11-11 23:01:53,681 - httpx - INFO - HTTP Request: POST https://us-central1-aiplatform.googleapis.com/v1beta1/projects/newsjuice-123456/locations/us-central1/publishers/google/models/text-embedding-004:predict "HTTP/1.1 200 OK"
2025-11-11 23:01:53,990 - httpx - INFO - HTTP Request: POST https://us-central1-aiplatform.googleapis.com/v1beta1/projects/newsjuice-123456/locations/us-central1/publishers/google/models/text-embedding-004:predict "HTTP/1.1 200 OK"
2025-11-11 23:01:54,368 - httpx - INFO - HTTP Request: POST https://us-central1-aiplatform.googleapis.com/v1beta1/projects/newsjuice-123456/locations/us-central1/publishers/google/models/text-embedding-004:predict "HTTP/1.1 200 OK"
2025-11-11 23:01:54,808 - httpx - INFO - HTTP Request: POST https://us-central1-aiplatform.googleapis.com/v1beta1/projects/newsjuice-123456/locations/us-central1/publishers/google/models/text-embedding-004:predict "HTTP/1.1 200 OK"
2025-11-11 23:01:54,812 - loader - INFO - [2/3] Embedding completed for article_id=DUMMY-2
2025-11-11 23:01:55,424 - loader - INFO - [2/3] Inserted 4 chunks into chunks_vector_test
2025-11-11 23:01:55,534 - loader - INFO - [2/3] Updated vflag=1 for article_id=DUMMY-2
2025-11-11 23:01:55,535 - loader - INFO - [2/3] ✓ Article DUMMY-2 completed in 8.55s
2025-11-11 23:01:55,535 - loader - INFO - [3/3] Processing article_id=DUMMY-3, title='Brief bursts of wisdom...'
2025-11-11 23:01:56,346 - httpx - INFO - HTTP Request: POST https://us-central1-aiplatform.googleapis.com/v1beta1/projects/newsjuice-123456/locations/us-central1/publishers/google/models/text-embedding-004:predict "HTTP/1.1 200 OK"
2025-11-11 23:01:56,651 - httpx - INFO - HTTP Request: POST https://us-central1-aiplatform.googleapis.com/v1beta1/projects/newsjuice-123456/locations/us-central1/publishers/google/models/text-embedding-004:predict "HTTP/1.1 200 OK"
2025-11-11 23:01:57,085 - httpx - INFO - HTTP Request: POST https://us-central1-aiplatform.googleapis.com/v1beta1/projects/newsjuice-123456/locations/us-central1/publishers/google/models/text-embedding-004:predict "HTTP/1.1 200 OK"
2025-11-11 23:01:57,389 - httpx - INFO - HTTP Request: POST https://us-central1-aiplatform.googleapis.com/v1beta1/projects/newsjuice-123456/locations/us-central1/publishers/google/models/text-embedding-004:predict "HTTP/1.1 200 OK"
2025-11-11 23:01:57,821 - httpx - INFO - HTTP Request: POST https://us-central1-aiplatform.googleapis.com/v1beta1/projects/newsjuice-123456/locations/us-central1/publishers/google/models/text-embedding-004:predict "HTTP/1.1 200 OK"
2025-11-11 23:01:58,131 - httpx - INFO - HTTP Request: POST https://us-central1-aiplatform.googleapis.com/v1beta1/projects/newsjuice-123456/locations/us-central1/publishers/google/models/text-embedding-004:predict "HTTP/1.1 200 OK"
2025-11-11 23:01:58,598 - httpx - INFO - HTTP Request: POST https://us-central1-aiplatform.googleapis.com/v1beta1/projects/newsjuice-123456/locations/us-central1/publishers/google/models/text-embedding-004:predict "HTTP/1.1 200 OK"
2025-11-11 23:01:58,905 - httpx - INFO - HTTP Request: POST https://us-central1-aiplatform.googleapis.com/v1beta1/projects/newsjuice-123456/locations/us-central1/publishers/google/models/text-embedding-004:predict "HTTP/1.1 200 OK"
2025-11-11 23:01:59,116 - httpx - INFO - HTTP Request: POST https://us-central1-aiplatform.googleapis.com/v1beta1/projects/newsjuice-123456/locations/us-central1/publishers/google/models/text-embedding-004:predict "HTTP/1.1 200 OK"
2025-11-11 23:01:59,358 - httpx - INFO - HTTP Request: POST https://us-central1-aiplatform.googleapis.com/v1beta1/projects/newsjuice-123456/locations/us-central1/publishers/google/models/text-embedding-004:predict "HTTP/1.1 200 OK"
2025-11-11 23:01:59,561 - httpx - INFO - HTTP Request: POST https://us-central1-aiplatform.googleapis.com/v1beta1/projects/newsjuice-123456/locations/us-central1/publishers/google/models/text-embedding-004:predict "HTTP/1.1 200 OK"
2025-11-11 23:01:59,759 - httpx - INFO - HTTP Request: POST https://us-central1-aiplatform.googleapis.com/v1beta1/projects/newsjuice-123456/locations/us-central1/publishers/google/models/text-embedding-004:predict "HTTP/1.1 200 OK"
2025-11-11 23:01:59,958 - httpx - INFO - HTTP Request: POST https://us-central1-aiplatform.googleapis.com/v1beta1/projects/newsjuice-123456/locations/us-central1/publishers/google/models/text-embedding-004:predict "HTTP/1.1 200 OK"
2025-11-11 23:02:00,502 - httpx - INFO - HTTP Request: POST https://us-central1-aiplatform.googleapis.com/v1beta1/projects/newsjuice-123456/locations/us-central1/publishers/google/models/text-embedding-004:predict "HTTP/1.1 200 OK"
2025-11-11 23:02:00,750 - httpx - INFO - HTTP Request: POST https://us-central1-aiplatform.googleapis.com/v1beta1/projects/newsjuice-123456/locations/us-central1/publishers/google/models/text-embedding-004:predict "HTTP/1.1 200 OK"
2025-11-11 23:02:00,962 - httpx - INFO - HTTP Request: POST https://us-central1-aiplatform.googleapis.com/v1beta1/projects/newsjuice-123456/locations/us-central1/publishers/google/models/text-embedding-004:predict "HTTP/1.1 200 OK"
2025-11-11 23:02:01,184 - httpx - INFO - HTTP Request: POST https://us-central1-aiplatform.googleapis.com/v1beta1/projects/newsjuice-123456/locations/us-central1/publishers/google/models/text-embedding-004:predict "HTTP/1.1 200 OK"
2025-11-11 23:02:01,463 - httpx - INFO - HTTP Request: POST https://us-central1-aiplatform.googleapis.com/v1beta1/projects/newsjuice-123456/locations/us-central1/publishers/google/models/text-embedding-004:predict "HTTP/1.1 200 OK"
2025-11-11 23:02:01,656 - httpx - INFO - HTTP Request: POST https://us-central1-aiplatform.googleapis.com/v1beta1/projects/newsjuice-123456/locations/us-central1/publishers/google/models/text-embedding-004:predict "HTTP/1.1 200 OK"
2025-11-11 23:02:01,864 - httpx - INFO - HTTP Request: POST https://us-central1-aiplatform.googleapis.com/v1beta1/projects/newsjuice-123456/locations/us-central1/publishers/google/models/text-embedding-004:predict "HTTP/1.1 200 OK"
2025-11-11 23:02:02,213 - httpx - INFO - HTTP Request: POST https://us-central1-aiplatform.googleapis.com/v1beta1/projects/newsjuice-123456/locations/us-central1/publishers/google/models/text-embedding-004:predict "HTTP/1.1 200 OK"
2025-11-11 23:02:02,410 - httpx - INFO - HTTP Request: POST https://us-central1-aiplatform.googleapis.com/v1beta1/projects/newsjuice-123456/locations/us-central1/publishers/google/models/text-embedding-004:predict "HTTP/1.1 200 OK"
2025-11-11 23:02:02,623 - httpx - INFO - HTTP Request: POST https://us-central1-aiplatform.googleapis.com/v1beta1/projects/newsjuice-123456/locations/us-central1/publishers/google/models/text-embedding-004:predict "HTTP/1.1 200 OK"
2025-11-11 23:02:02,845 - httpx - INFO - HTTP Request: POST https://us-central1-aiplatform.googleapis.com/v1beta1/projects/newsjuice-123456/locations/us-central1/publishers/google/models/text-embedding-004:predict "HTTP/1.1 200 OK"
2025-11-11 23:02:03,049 - httpx - INFO - HTTP Request: POST https://us-central1-aiplatform.googleapis.com/v1beta1/projects/newsjuice-123456/locations/us-central1/publishers/google/models/text-embedding-004:predict "HTTP/1.1 200 OK"
2025-11-11 23:02:03,255 - httpx - INFO - HTTP Request: POST https://us-central1-aiplatform.googleapis.com/v1beta1/projects/newsjuice-123456/locations/us-central1/publishers/google/models/text-embedding-004:predict "HTTP/1.1 200 OK"
2025-11-11 23:02:03,454 - httpx - INFO - HTTP Request: POST https://us-central1-aiplatform.googleapis.com/v1beta1/projects/newsjuice-123456/locations/us-central1/publishers/google/models/text-embedding-004:predict "HTTP/1.1 200 OK"
2025-11-11 23:02:03,652 - httpx - INFO - HTTP Request: POST https://us-central1-aiplatform.googleapis.com/v1beta1/projects/newsjuice-123456/locations/us-central1/publishers/google/models/text-embedding-004:predict "HTTP/1.1 200 OK"
2025-11-11 23:02:03,852 - httpx - INFO - HTTP Request: POST https://us-central1-aiplatform.googleapis.com/v1beta1/projects/newsjuice-123456/locations/us-central1/publishers/google/models/text-embedding-004:predict "HTTP/1.1 200 OK"
2025-11-11 23:02:04,041 - httpx - INFO - HTTP Request: POST https://us-central1-aiplatform.googleapis.com/v1beta1/projects/newsjuice-123456/locations/us-central1/publishers/google/models/text-embedding-004:predict "HTTP/1.1 200 OK"
2025-11-11 23:02:04,244 - httpx - INFO - HTTP Request: POST https://us-central1-aiplatform.googleapis.com/v1beta1/projects/newsjuice-123456/locations/us-central1/publishers/google/models/text-embedding-004:predict "HTTP/1.1 200 OK"
2025-11-11 23:02:04,438 - httpx - INFO - HTTP Request: POST https://us-central1-aiplatform.googleapis.com/v1beta1/projects/newsjuice-123456/locations/us-central1/publishers/google/models/text-embedding-004:predict "HTTP/1.1 200 OK"
2025-11-11 23:02:04,639 - httpx - INFO - HTTP Request: POST https://us-central1-aiplatform.googleapis.com/v1beta1/projects/newsjuice-123456/locations/us-central1/publishers/google/models/text-embedding-004:predict "HTTP/1.1 200 OK"
2025-11-11 23:02:04,848 - httpx - INFO - HTTP Request: POST https://us-central1-aiplatform.googleapis.com/v1beta1/projects/newsjuice-123456/locations/us-central1/publishers/google/models/text-embedding-004:predict "HTTP/1.1 200 OK"
2025-11-11 23:02:05,045 - httpx - INFO - HTTP Request: POST https://us-central1-aiplatform.googleapis.com/v1beta1/projects/newsjuice-123456/locations/us-central1/publishers/google/models/text-embedding-004:predict "HTTP/1.1 200 OK"
2025-11-11 23:02:05,240 - httpx - INFO - HTTP Request: POST https://us-central1-aiplatform.googleapis.com/v1beta1/projects/newsjuice-123456/locations/us-central1/publishers/google/models/text-embedding-004:predict "HTTP/1.1 200 OK"
2025-11-11 23:02:05,451 - httpx - INFO - HTTP Request: POST https://us-central1-aiplatform.googleapis.com/v1beta1/projects/newsjuice-123456/locations/us-central1/publishers/google/models/text-embedding-004:predict "HTTP/1.1 200 OK"
2025-11-11 23:02:05,652 - httpx - INFO - HTTP Request: POST https://us-central1-aiplatform.googleapis.com/v1beta1/projects/newsjuice-123456/locations/us-central1/publishers/google/models/text-embedding-004:predict "HTTP/1.1 200 OK"
2025-11-11 23:02:05,863 - httpx - INFO - HTTP Request: POST https://us-central1-aiplatform.googleapis.com/v1beta1/projects/newsjuice-123456/locations/us-central1/publishers/google/models/text-embedding-004:predict "HTTP/1.1 200 OK"
2025-11-11 23:02:06,115 - httpx - INFO - HTTP Request: POST https://us-central1-aiplatform.googleapis.com/v1beta1/projects/newsjuice-123456/locations/us-central1/publishers/google/models/text-embedding-004:predict "HTTP/1.1 200 OK"
2025-11-11 23:02:06,126 - loader - INFO - [3/3] Created 5 chunks for article_id=DUMMY-3
2025-11-11 23:02:06,132 - loader - INFO - [3/3] Starting embedding for 5 chunks
2025-11-11 23:02:06,903 - httpx - INFO - HTTP Request: POST https://us-central1-aiplatform.googleapis.com/v1beta1/projects/newsjuice-123456/locations/us-central1/publishers/google/models/text-embedding-004:predict "HTTP/1.1 200 OK"
2025-11-11 23:02:07,137 - httpx - INFO - HTTP Request: POST https://us-central1-aiplatform.googleapis.com/v1beta1/projects/newsjuice-123456/locations/us-central1/publishers/google/models/text-embedding-004:predict "HTTP/1.1 200 OK"
2025-11-11 23:02:07,710 - httpx - INFO - HTTP Request: POST https://us-central1-aiplatform.googleapis.com/v1beta1/projects/newsjuice-123456/locations/us-central1/publishers/google/models/text-embedding-004:predict "HTTP/1.1 200 OK"
2025-11-11 23:02:07,923 - httpx - INFO - HTTP Request: POST https://us-central1-aiplatform.googleapis.com/v1beta1/projects/newsjuice-123456/locations/us-central1/publishers/google/models/text-embedding-004:predict "HTTP/1.1 200 OK"
2025-11-11 23:02:08,406 - httpx - INFO - HTTP Request: POST https://us-central1-aiplatform.googleapis.com/v1beta1/projects/newsjuice-123456/locations/us-central1/publishers/google/models/text-embedding-004:predict "HTTP/1.1 200 OK"
2025-11-11 23:02:08,410 - loader - INFO - [3/3] Embedding completed for article_id=DUMMY-3
2025-11-11 23:02:09,015 - loader - INFO - [3/3] Inserted 5 chunks into chunks_vector_test
2025-11-11 23:02:09,127 - loader - INFO - [3/3] Updated vflag=1 for article_id=DUMMY-3
2025-11-11 23:02:09,128 - loader - INFO - [3/3] ✓ Article DUMMY-3 completed in 13.59s
2025-11-11 23:02:09,129 - loader - INFO - === COMPLETED: Processed 3 articles, Total found: 3 ===
