2025-11-11 22:32:32,996 - main - INFO - Logging to file: logs/loader_20251111_223232.log
2025-11-11 22:33:31,934 - main - INFO - Health check called
2025-11-11 22:33:40,514 - main - INFO - === Starting background article processing ===
2025-11-11 22:33:40,515 - main - INFO - Background task queued successfully
2025-11-11 22:33:40,516 - loader - INFO - === Starting chunk_embed_load - Method: semantic-split ===
2025-11-11 22:33:40,517 - loader - INFO - Using tables - Articles: articles_test, Vectors: chunks_vector_test
2025-11-11 22:33:41,245 - loader - INFO - Connected to database
2025-11-11 22:33:42,834 - loader - INFO - Fetched 3 articles with vflag=0
2025-11-11 22:33:42,835 - loader - INFO - Initializing semantic splitter with VertexEmbeddings
2025-11-11 22:33:42,945 - loader - INFO - VertexEmbeddings initialized - Project: newsjuice-123456, Location: us-central1, Model: text-embedding-004, Dim: 768
2025-11-11 22:33:42,945 - loader - INFO - Semantic splitter initialized successfully
2025-11-11 22:33:42,984 - loader - INFO - VertexEmbeddings initialized - Project: newsjuice-123456, Location: us-central1, Model: text-embedding-004, Dim: 768
2025-11-11 22:33:42,984 - loader - INFO - [1/3] Processing article_id=DUMMY-1, title='Time for mandatory retirement ages for lawmakers, ...'
2025-11-11 22:33:44,052 - httpx - INFO - HTTP Request: POST https://us-central1-aiplatform.googleapis.com/v1beta1/projects/newsjuice-123456/locations/us-central1/publishers/google/models/text-embedding-004:predict "HTTP/1.1 200 OK"
2025-11-11 22:33:44,355 - httpx - INFO - HTTP Request: POST https://us-central1-aiplatform.googleapis.com/v1beta1/projects/newsjuice-123456/locations/us-central1/publishers/google/models/text-embedding-004:predict "HTTP/1.1 200 OK"
2025-11-11 22:33:44,866 - httpx - INFO - HTTP Request: POST https://us-central1-aiplatform.googleapis.com/v1beta1/projects/newsjuice-123456/locations/us-central1/publishers/google/models/text-embedding-004:predict "HTTP/1.1 200 OK"
2025-11-11 22:33:45,104 - httpx - INFO - HTTP Request: POST https://us-central1-aiplatform.googleapis.com/v1beta1/projects/newsjuice-123456/locations/us-central1/publishers/google/models/text-embedding-004:predict "HTTP/1.1 200 OK"
2025-11-11 22:33:45,647 - httpx - INFO - HTTP Request: POST https://us-central1-aiplatform.googleapis.com/v1beta1/projects/newsjuice-123456/locations/us-central1/publishers/google/models/text-embedding-004:predict "HTTP/1.1 200 OK"
2025-11-11 22:33:45,873 - httpx - INFO - HTTP Request: POST https://us-central1-aiplatform.googleapis.com/v1beta1/projects/newsjuice-123456/locations/us-central1/publishers/google/models/text-embedding-004:predict "HTTP/1.1 200 OK"
2025-11-11 22:33:46,377 - httpx - INFO - HTTP Request: POST https://us-central1-aiplatform.googleapis.com/v1beta1/projects/newsjuice-123456/locations/us-central1/publishers/google/models/text-embedding-004:predict "HTTP/1.1 200 OK"
2025-11-11 22:33:46,625 - httpx - INFO - HTTP Request: POST https://us-central1-aiplatform.googleapis.com/v1beta1/projects/newsjuice-123456/locations/us-central1/publishers/google/models/text-embedding-004:predict "HTTP/1.1 200 OK"
2025-11-11 22:33:47,120 - httpx - INFO - HTTP Request: POST https://us-central1-aiplatform.googleapis.com/v1beta1/projects/newsjuice-123456/locations/us-central1/publishers/google/models/text-embedding-004:predict "HTTP/1.1 200 OK"
2025-11-11 22:33:47,310 - httpx - INFO - HTTP Request: POST https://us-central1-aiplatform.googleapis.com/v1beta1/projects/newsjuice-123456/locations/us-central1/publishers/google/models/text-embedding-004:predict "HTTP/1.1 200 OK"
2025-11-11 22:33:47,540 - httpx - INFO - HTTP Request: POST https://us-central1-aiplatform.googleapis.com/v1beta1/projects/newsjuice-123456/locations/us-central1/publishers/google/models/text-embedding-004:predict "HTTP/1.1 200 OK"
2025-11-11 22:33:47,733 - httpx - INFO - HTTP Request: POST https://us-central1-aiplatform.googleapis.com/v1beta1/projects/newsjuice-123456/locations/us-central1/publishers/google/models/text-embedding-004:predict "HTTP/1.1 200 OK"
2025-11-11 22:33:47,924 - httpx - INFO - HTTP Request: POST https://us-central1-aiplatform.googleapis.com/v1beta1/projects/newsjuice-123456/locations/us-central1/publishers/google/models/text-embedding-004:predict "HTTP/1.1 200 OK"
2025-11-11 22:33:48,144 - httpx - INFO - HTTP Request: POST https://us-central1-aiplatform.googleapis.com/v1beta1/projects/newsjuice-123456/locations/us-central1/publishers/google/models/text-embedding-004:predict "HTTP/1.1 200 OK"
2025-11-11 22:33:48,339 - httpx - INFO - HTTP Request: POST https://us-central1-aiplatform.googleapis.com/v1beta1/projects/newsjuice-123456/locations/us-central1/publishers/google/models/text-embedding-004:predict "HTTP/1.1 200 OK"
2025-11-11 22:33:48,964 - httpx - INFO - HTTP Request: POST https://us-central1-aiplatform.googleapis.com/v1beta1/projects/newsjuice-123456/locations/us-central1/publishers/google/models/text-embedding-004:predict "HTTP/1.1 200 OK"
2025-11-11 22:33:49,271 - httpx - INFO - HTTP Request: POST https://us-central1-aiplatform.googleapis.com/v1beta1/projects/newsjuice-123456/locations/us-central1/publishers/google/models/text-embedding-004:predict "HTTP/1.1 200 OK"
2025-11-11 22:33:49,467 - httpx - INFO - HTTP Request: POST https://us-central1-aiplatform.googleapis.com/v1beta1/projects/newsjuice-123456/locations/us-central1/publishers/google/models/text-embedding-004:predict "HTTP/1.1 200 OK"
2025-11-11 22:33:49,706 - httpx - INFO - HTTP Request: POST https://us-central1-aiplatform.googleapis.com/v1beta1/projects/newsjuice-123456/locations/us-central1/publishers/google/models/text-embedding-004:predict "HTTP/1.1 200 OK"
2025-11-11 22:33:49,904 - httpx - INFO - HTTP Request: POST https://us-central1-aiplatform.googleapis.com/v1beta1/projects/newsjuice-123456/locations/us-central1/publishers/google/models/text-embedding-004:predict "HTTP/1.1 200 OK"
2025-11-11 22:33:50,094 - httpx - INFO - HTTP Request: POST https://us-central1-aiplatform.googleapis.com/v1beta1/projects/newsjuice-123456/locations/us-central1/publishers/google/models/text-embedding-004:predict "HTTP/1.1 200 OK"
2025-11-11 22:33:50,293 - httpx - INFO - HTTP Request: POST https://us-central1-aiplatform.googleapis.com/v1beta1/projects/newsjuice-123456/locations/us-central1/publishers/google/models/text-embedding-004:predict "HTTP/1.1 200 OK"
2025-11-11 22:33:50,485 - httpx - INFO - HTTP Request: POST https://us-central1-aiplatform.googleapis.com/v1beta1/projects/newsjuice-123456/locations/us-central1/publishers/google/models/text-embedding-004:predict "HTTP/1.1 200 OK"
2025-11-11 22:33:50,677 - httpx - INFO - HTTP Request: POST https://us-central1-aiplatform.googleapis.com/v1beta1/projects/newsjuice-123456/locations/us-central1/publishers/google/models/text-embedding-004:predict "HTTP/1.1 200 OK"
2025-11-11 22:33:50,908 - httpx - INFO - HTTP Request: POST https://us-central1-aiplatform.googleapis.com/v1beta1/projects/newsjuice-123456/locations/us-central1/publishers/google/models/text-embedding-004:predict "HTTP/1.1 200 OK"
2025-11-11 22:33:51,102 - httpx - INFO - HTTP Request: POST https://us-central1-aiplatform.googleapis.com/v1beta1/projects/newsjuice-123456/locations/us-central1/publishers/google/models/text-embedding-004:predict "HTTP/1.1 200 OK"
2025-11-11 22:33:51,293 - httpx - INFO - HTTP Request: POST https://us-central1-aiplatform.googleapis.com/v1beta1/projects/newsjuice-123456/locations/us-central1/publishers/google/models/text-embedding-004:predict "HTTP/1.1 200 OK"
2025-11-11 22:33:51,493 - httpx - INFO - HTTP Request: POST https://us-central1-aiplatform.googleapis.com/v1beta1/projects/newsjuice-123456/locations/us-central1/publishers/google/models/text-embedding-004:predict "HTTP/1.1 200 OK"
2025-11-11 22:33:51,686 - httpx - INFO - HTTP Request: POST https://us-central1-aiplatform.googleapis.com/v1beta1/projects/newsjuice-123456/locations/us-central1/publishers/google/models/text-embedding-004:predict "HTTP/1.1 200 OK"
2025-11-11 22:33:51,905 - httpx - INFO - HTTP Request: POST https://us-central1-aiplatform.googleapis.com/v1beta1/projects/newsjuice-123456/locations/us-central1/publishers/google/models/text-embedding-004:predict "HTTP/1.1 200 OK"
2025-11-11 22:33:52,106 - httpx - INFO - HTTP Request: POST https://us-central1-aiplatform.googleapis.com/v1beta1/projects/newsjuice-123456/locations/us-central1/publishers/google/models/text-embedding-004:predict "HTTP/1.1 200 OK"
2025-11-11 22:33:52,298 - httpx - INFO - HTTP Request: POST https://us-central1-aiplatform.googleapis.com/v1beta1/projects/newsjuice-123456/locations/us-central1/publishers/google/models/text-embedding-004:predict "HTTP/1.1 200 OK"
2025-11-11 22:33:52,493 - httpx - INFO - HTTP Request: POST https://us-central1-aiplatform.googleapis.com/v1beta1/projects/newsjuice-123456/locations/us-central1/publishers/google/models/text-embedding-004:predict "HTTP/1.1 200 OK"
2025-11-11 22:33:52,692 - httpx - INFO - HTTP Request: POST https://us-central1-aiplatform.googleapis.com/v1beta1/projects/newsjuice-123456/locations/us-central1/publishers/google/models/text-embedding-004:predict "HTTP/1.1 200 OK"
2025-11-11 22:33:52,888 - httpx - INFO - HTTP Request: POST https://us-central1-aiplatform.googleapis.com/v1beta1/projects/newsjuice-123456/locations/us-central1/publishers/google/models/text-embedding-004:predict "HTTP/1.1 200 OK"
2025-11-11 22:33:52,902 - loader - INFO - [1/3] Created 5 chunks for article_id=DUMMY-1
2025-11-11 22:33:52,908 - loader - INFO - [1/3] Starting embedding for 5 chunks
2025-11-11 22:33:53,846 - httpx - INFO - HTTP Request: POST https://us-central1-aiplatform.googleapis.com/v1beta1/projects/newsjuice-123456/locations/us-central1/publishers/google/models/text-embedding-004:predict "HTTP/1.1 200 OK"
2025-11-11 22:33:54,049 - httpx - INFO - HTTP Request: POST https://us-central1-aiplatform.googleapis.com/v1beta1/projects/newsjuice-123456/locations/us-central1/publishers/google/models/text-embedding-004:predict "HTTP/1.1 200 OK"
2025-11-11 22:33:54,597 - httpx - INFO - HTTP Request: POST https://us-central1-aiplatform.googleapis.com/v1beta1/projects/newsjuice-123456/locations/us-central1/publishers/google/models/text-embedding-004:predict "HTTP/1.1 200 OK"
2025-11-11 22:33:55,005 - httpx - INFO - HTTP Request: POST https://us-central1-aiplatform.googleapis.com/v1beta1/projects/newsjuice-123456/locations/us-central1/publishers/google/models/text-embedding-004:predict "HTTP/1.1 200 OK"
2025-11-11 22:33:55,339 - httpx - INFO - HTTP Request: POST https://us-central1-aiplatform.googleapis.com/v1beta1/projects/newsjuice-123456/locations/us-central1/publishers/google/models/text-embedding-004:predict "HTTP/1.1 200 OK"
2025-11-11 22:33:55,344 - loader - INFO - [1/3] Embedding completed for article_id=DUMMY-1
2025-11-11 22:33:56,121 - loader - INFO - [1/3] Inserted 5 chunks into chunks_vector_test
2025-11-11 22:33:56,290 - loader - INFO - [1/3] Updated vflag=1 for article_id=DUMMY-1
2025-11-11 22:33:56,291 - loader - INFO - [2/3] Processing article_id=DUMMY-2, title='In dogs, as in humans, a harsh past might bare its...'
2025-11-11 22:33:56,481 - httpx - INFO - HTTP Request: POST https://us-central1-aiplatform.googleapis.com/v1beta1/projects/newsjuice-123456/locations/us-central1/publishers/google/models/text-embedding-004:predict "HTTP/1.1 200 OK"
2025-11-11 22:33:56,679 - httpx - INFO - HTTP Request: POST https://us-central1-aiplatform.googleapis.com/v1beta1/projects/newsjuice-123456/locations/us-central1/publishers/google/models/text-embedding-004:predict "HTTP/1.1 200 OK"
2025-11-11 22:33:56,949 - httpx - INFO - HTTP Request: POST https://us-central1-aiplatform.googleapis.com/v1beta1/projects/newsjuice-123456/locations/us-central1/publishers/google/models/text-embedding-004:predict "HTTP/1.1 200 OK"
2025-11-11 22:33:57,143 - httpx - INFO - HTTP Request: POST https://us-central1-aiplatform.googleapis.com/v1beta1/projects/newsjuice-123456/locations/us-central1/publishers/google/models/text-embedding-004:predict "HTTP/1.1 200 OK"
2025-11-11 22:33:57,346 - httpx - INFO - HTTP Request: POST https://us-central1-aiplatform.googleapis.com/v1beta1/projects/newsjuice-123456/locations/us-central1/publishers/google/models/text-embedding-004:predict "HTTP/1.1 200 OK"
2025-11-11 22:33:57,541 - httpx - INFO - HTTP Request: POST https://us-central1-aiplatform.googleapis.com/v1beta1/projects/newsjuice-123456/locations/us-central1/publishers/google/models/text-embedding-004:predict "HTTP/1.1 200 OK"
2025-11-11 22:33:57,736 - httpx - INFO - HTTP Request: POST https://us-central1-aiplatform.googleapis.com/v1beta1/projects/newsjuice-123456/locations/us-central1/publishers/google/models/text-embedding-004:predict "HTTP/1.1 200 OK"
2025-11-11 22:33:57,938 - httpx - INFO - HTTP Request: POST https://us-central1-aiplatform.googleapis.com/v1beta1/projects/newsjuice-123456/locations/us-central1/publishers/google/models/text-embedding-004:predict "HTTP/1.1 200 OK"
2025-11-11 22:33:58,179 - httpx - INFO - HTTP Request: POST https://us-central1-aiplatform.googleapis.com/v1beta1/projects/newsjuice-123456/locations/us-central1/publishers/google/models/text-embedding-004:predict "HTTP/1.1 200 OK"
2025-11-11 22:33:58,383 - httpx - INFO - HTTP Request: POST https://us-central1-aiplatform.googleapis.com/v1beta1/projects/newsjuice-123456/locations/us-central1/publishers/google/models/text-embedding-004:predict "HTTP/1.1 200 OK"
2025-11-11 22:33:58,581 - httpx - INFO - HTTP Request: POST https://us-central1-aiplatform.googleapis.com/v1beta1/projects/newsjuice-123456/locations/us-central1/publishers/google/models/text-embedding-004:predict "HTTP/1.1 200 OK"
2025-11-11 22:33:58,778 - httpx - INFO - HTTP Request: POST https://us-central1-aiplatform.googleapis.com/v1beta1/projects/newsjuice-123456/locations/us-central1/publishers/google/models/text-embedding-004:predict "HTTP/1.1 200 OK"
2025-11-11 22:33:58,998 - httpx - INFO - HTTP Request: POST https://us-central1-aiplatform.googleapis.com/v1beta1/projects/newsjuice-123456/locations/us-central1/publishers/google/models/text-embedding-004:predict "HTTP/1.1 200 OK"
2025-11-11 22:33:59,190 - httpx - INFO - HTTP Request: POST https://us-central1-aiplatform.googleapis.com/v1beta1/projects/newsjuice-123456/locations/us-central1/publishers/google/models/text-embedding-004:predict "HTTP/1.1 200 OK"
2025-11-11 22:33:59,419 - httpx - INFO - HTTP Request: POST https://us-central1-aiplatform.googleapis.com/v1beta1/projects/newsjuice-123456/locations/us-central1/publishers/google/models/text-embedding-004:predict "HTTP/1.1 200 OK"
2025-11-11 22:33:59,605 - httpx - INFO - HTTP Request: POST https://us-central1-aiplatform.googleapis.com/v1beta1/projects/newsjuice-123456/locations/us-central1/publishers/google/models/text-embedding-004:predict "HTTP/1.1 200 OK"
2025-11-11 22:33:59,798 - httpx - INFO - HTTP Request: POST https://us-central1-aiplatform.googleapis.com/v1beta1/projects/newsjuice-123456/locations/us-central1/publishers/google/models/text-embedding-004:predict "HTTP/1.1 200 OK"
2025-11-11 22:34:00,226 - httpx - INFO - HTTP Request: POST https://us-central1-aiplatform.googleapis.com/v1beta1/projects/newsjuice-123456/locations/us-central1/publishers/google/models/text-embedding-004:predict "HTTP/1.1 200 OK"
2025-11-11 22:34:00,423 - httpx - INFO - HTTP Request: POST https://us-central1-aiplatform.googleapis.com/v1beta1/projects/newsjuice-123456/locations/us-central1/publishers/google/models/text-embedding-004:predict "HTTP/1.1 200 OK"
2025-11-11 22:34:00,626 - httpx - INFO - HTTP Request: POST https://us-central1-aiplatform.googleapis.com/v1beta1/projects/newsjuice-123456/locations/us-central1/publishers/google/models/text-embedding-004:predict "HTTP/1.1 200 OK"
2025-11-11 22:34:00,831 - httpx - INFO - HTTP Request: POST https://us-central1-aiplatform.googleapis.com/v1beta1/projects/newsjuice-123456/locations/us-central1/publishers/google/models/text-embedding-004:predict "HTTP/1.1 200 OK"
2025-11-11 22:34:01,037 - httpx - INFO - HTTP Request: POST https://us-central1-aiplatform.googleapis.com/v1beta1/projects/newsjuice-123456/locations/us-central1/publishers/google/models/text-embedding-004:predict "HTTP/1.1 200 OK"
2025-11-11 22:34:01,664 - httpx - INFO - HTTP Request: POST https://us-central1-aiplatform.googleapis.com/v1beta1/projects/newsjuice-123456/locations/us-central1/publishers/google/models/text-embedding-004:predict "HTTP/1.1 200 OK"
2025-11-11 22:34:01,868 - httpx - INFO - HTTP Request: POST https://us-central1-aiplatform.googleapis.com/v1beta1/projects/newsjuice-123456/locations/us-central1/publishers/google/models/text-embedding-004:predict "HTTP/1.1 200 OK"
2025-11-11 22:34:02,061 - httpx - INFO - HTTP Request: POST https://us-central1-aiplatform.googleapis.com/v1beta1/projects/newsjuice-123456/locations/us-central1/publishers/google/models/text-embedding-004:predict "HTTP/1.1 200 OK"
2025-11-11 22:34:02,249 - httpx - INFO - HTTP Request: POST https://us-central1-aiplatform.googleapis.com/v1beta1/projects/newsjuice-123456/locations/us-central1/publishers/google/models/text-embedding-004:predict "HTTP/1.1 200 OK"
2025-11-11 22:34:02,480 - httpx - INFO - HTTP Request: POST https://us-central1-aiplatform.googleapis.com/v1beta1/projects/newsjuice-123456/locations/us-central1/publishers/google/models/text-embedding-004:predict "HTTP/1.1 200 OK"
2025-11-11 22:34:02,674 - httpx - INFO - HTTP Request: POST https://us-central1-aiplatform.googleapis.com/v1beta1/projects/newsjuice-123456/locations/us-central1/publishers/google/models/text-embedding-004:predict "HTTP/1.1 200 OK"
2025-11-11 22:34:02,862 - httpx - INFO - HTTP Request: POST https://us-central1-aiplatform.googleapis.com/v1beta1/projects/newsjuice-123456/locations/us-central1/publishers/google/models/text-embedding-004:predict "HTTP/1.1 200 OK"
2025-11-11 22:34:02,871 - loader - INFO - [2/3] Created 4 chunks for article_id=DUMMY-2
2025-11-11 22:34:02,876 - loader - INFO - [2/3] Starting embedding for 4 chunks
2025-11-11 22:34:03,711 - httpx - INFO - HTTP Request: POST https://us-central1-aiplatform.googleapis.com/v1beta1/projects/newsjuice-123456/locations/us-central1/publishers/google/models/text-embedding-004:predict "HTTP/1.1 200 OK"
2025-11-11 22:34:03,927 - httpx - INFO - HTTP Request: POST https://us-central1-aiplatform.googleapis.com/v1beta1/projects/newsjuice-123456/locations/us-central1/publishers/google/models/text-embedding-004:predict "HTTP/1.1 200 OK"
2025-11-11 22:34:04,425 - httpx - INFO - HTTP Request: POST https://us-central1-aiplatform.googleapis.com/v1beta1/projects/newsjuice-123456/locations/us-central1/publishers/google/models/text-embedding-004:predict "HTTP/1.1 200 OK"
2025-11-11 22:34:04,624 - httpx - INFO - HTTP Request: POST https://us-central1-aiplatform.googleapis.com/v1beta1/projects/newsjuice-123456/locations/us-central1/publishers/google/models/text-embedding-004:predict "HTTP/1.1 200 OK"
2025-11-11 22:34:04,629 - loader - INFO - [2/3] Embedding completed for article_id=DUMMY-2
2025-11-11 22:34:05,216 - loader - INFO - [2/3] Inserted 4 chunks into chunks_vector_test
2025-11-11 22:34:05,328 - loader - INFO - [2/3] Updated vflag=1 for article_id=DUMMY-2
2025-11-11 22:34:05,328 - loader - INFO - [3/3] Processing article_id=DUMMY-3, title='Brief bursts of wisdom...'
2025-11-11 22:34:05,520 - httpx - INFO - HTTP Request: POST https://us-central1-aiplatform.googleapis.com/v1beta1/projects/newsjuice-123456/locations/us-central1/publishers/google/models/text-embedding-004:predict "HTTP/1.1 200 OK"
2025-11-11 22:34:05,718 - httpx - INFO - HTTP Request: POST https://us-central1-aiplatform.googleapis.com/v1beta1/projects/newsjuice-123456/locations/us-central1/publishers/google/models/text-embedding-004:predict "HTTP/1.1 200 OK"
2025-11-11 22:34:06,463 - httpx - INFO - HTTP Request: POST https://us-central1-aiplatform.googleapis.com/v1beta1/projects/newsjuice-123456/locations/us-central1/publishers/google/models/text-embedding-004:predict "HTTP/1.1 200 OK"
2025-11-11 22:34:06,690 - httpx - INFO - HTTP Request: POST https://us-central1-aiplatform.googleapis.com/v1beta1/projects/newsjuice-123456/locations/us-central1/publishers/google/models/text-embedding-004:predict "HTTP/1.1 200 OK"
2025-11-11 22:34:07,188 - httpx - INFO - HTTP Request: POST https://us-central1-aiplatform.googleapis.com/v1beta1/projects/newsjuice-123456/locations/us-central1/publishers/google/models/text-embedding-004:predict "HTTP/1.1 200 OK"
2025-11-11 22:34:07,418 - httpx - INFO - HTTP Request: POST https://us-central1-aiplatform.googleapis.com/v1beta1/projects/newsjuice-123456/locations/us-central1/publishers/google/models/text-embedding-004:predict "HTTP/1.1 200 OK"
2025-11-11 22:34:07,938 - httpx - INFO - HTTP Request: POST https://us-central1-aiplatform.googleapis.com/v1beta1/projects/newsjuice-123456/locations/us-central1/publishers/google/models/text-embedding-004:predict "HTTP/1.1 200 OK"
2025-11-11 22:34:08,186 - httpx - INFO - HTTP Request: POST https://us-central1-aiplatform.googleapis.com/v1beta1/projects/newsjuice-123456/locations/us-central1/publishers/google/models/text-embedding-004:predict "HTTP/1.1 200 OK"
2025-11-11 22:34:08,667 - httpx - INFO - HTTP Request: POST https://us-central1-aiplatform.googleapis.com/v1beta1/projects/newsjuice-123456/locations/us-central1/publishers/google/models/text-embedding-004:predict "HTTP/1.1 200 OK"
2025-11-11 22:34:09,035 - httpx - INFO - HTTP Request: POST https://us-central1-aiplatform.googleapis.com/v1beta1/projects/newsjuice-123456/locations/us-central1/publishers/google/models/text-embedding-004:predict "HTTP/1.1 200 OK"
2025-11-11 22:34:09,443 - httpx - INFO - HTTP Request: POST https://us-central1-aiplatform.googleapis.com/v1beta1/projects/newsjuice-123456/locations/us-central1/publishers/google/models/text-embedding-004:predict "HTTP/1.1 200 OK"
2025-11-11 22:34:09,749 - httpx - INFO - HTTP Request: POST https://us-central1-aiplatform.googleapis.com/v1beta1/projects/newsjuice-123456/locations/us-central1/publishers/google/models/text-embedding-004:predict "HTTP/1.1 200 OK"
2025-11-11 22:34:10,166 - httpx - INFO - HTTP Request: POST https://us-central1-aiplatform.googleapis.com/v1beta1/projects/newsjuice-123456/locations/us-central1/publishers/google/models/text-embedding-004:predict "HTTP/1.1 200 OK"
2025-11-11 22:34:10,509 - httpx - INFO - HTTP Request: POST https://us-central1-aiplatform.googleapis.com/v1beta1/projects/newsjuice-123456/locations/us-central1/publishers/google/models/text-embedding-004:predict "HTTP/1.1 200 OK"
2025-11-11 22:34:10,896 - httpx - INFO - HTTP Request: POST https://us-central1-aiplatform.googleapis.com/v1beta1/projects/newsjuice-123456/locations/us-central1/publishers/google/models/text-embedding-004:predict "HTTP/1.1 200 OK"
2025-11-11 22:34:11,286 - httpx - INFO - HTTP Request: POST https://us-central1-aiplatform.googleapis.com/v1beta1/projects/newsjuice-123456/locations/us-central1/publishers/google/models/text-embedding-004:predict "HTTP/1.1 200 OK"
2025-11-11 22:34:11,695 - httpx - INFO - HTTP Request: POST https://us-central1-aiplatform.googleapis.com/v1beta1/projects/newsjuice-123456/locations/us-central1/publishers/google/models/text-embedding-004:predict "HTTP/1.1 200 OK"
2025-11-11 22:34:12,053 - httpx - INFO - HTTP Request: POST https://us-central1-aiplatform.googleapis.com/v1beta1/projects/newsjuice-123456/locations/us-central1/publishers/google/models/text-embedding-004:predict "HTTP/1.1 200 OK"
2025-11-11 22:34:12,515 - httpx - INFO - HTTP Request: POST https://us-central1-aiplatform.googleapis.com/v1beta1/projects/newsjuice-123456/locations/us-central1/publishers/google/models/text-embedding-004:predict "HTTP/1.1 200 OK"
2025-11-11 22:34:12,780 - httpx - INFO - HTTP Request: POST https://us-central1-aiplatform.googleapis.com/v1beta1/projects/newsjuice-123456/locations/us-central1/publishers/google/models/text-embedding-004:predict "HTTP/1.1 200 OK"
2025-11-11 22:34:12,977 - httpx - INFO - HTTP Request: POST https://us-central1-aiplatform.googleapis.com/v1beta1/projects/newsjuice-123456/locations/us-central1/publishers/google/models/text-embedding-004:predict "HTTP/1.1 200 OK"
2025-11-11 22:34:13,164 - httpx - INFO - HTTP Request: POST https://us-central1-aiplatform.googleapis.com/v1beta1/projects/newsjuice-123456/locations/us-central1/publishers/google/models/text-embedding-004:predict "HTTP/1.1 200 OK"
2025-11-11 22:34:13,437 - httpx - INFO - HTTP Request: POST https://us-central1-aiplatform.googleapis.com/v1beta1/projects/newsjuice-123456/locations/us-central1/publishers/google/models/text-embedding-004:predict "HTTP/1.1 200 OK"
2025-11-11 22:34:13,634 - httpx - INFO - HTTP Request: POST https://us-central1-aiplatform.googleapis.com/v1beta1/projects/newsjuice-123456/locations/us-central1/publishers/google/models/text-embedding-004:predict "HTTP/1.1 200 OK"
2025-11-11 22:34:13,846 - httpx - INFO - HTTP Request: POST https://us-central1-aiplatform.googleapis.com/v1beta1/projects/newsjuice-123456/locations/us-central1/publishers/google/models/text-embedding-004:predict "HTTP/1.1 200 OK"
2025-11-11 22:34:14,038 - httpx - INFO - HTTP Request: POST https://us-central1-aiplatform.googleapis.com/v1beta1/projects/newsjuice-123456/locations/us-central1/publishers/google/models/text-embedding-004:predict "HTTP/1.1 200 OK"
2025-11-11 22:34:14,236 - httpx - INFO - HTTP Request: POST https://us-central1-aiplatform.googleapis.com/v1beta1/projects/newsjuice-123456/locations/us-central1/publishers/google/models/text-embedding-004:predict "HTTP/1.1 200 OK"
2025-11-11 22:34:14,429 - httpx - INFO - HTTP Request: POST https://us-central1-aiplatform.googleapis.com/v1beta1/projects/newsjuice-123456/locations/us-central1/publishers/google/models/text-embedding-004:predict "HTTP/1.1 200 OK"
2025-11-11 22:34:14,666 - httpx - INFO - HTTP Request: POST https://us-central1-aiplatform.googleapis.com/v1beta1/projects/newsjuice-123456/locations/us-central1/publishers/google/models/text-embedding-004:predict "HTTP/1.1 200 OK"
2025-11-11 22:34:14,864 - httpx - INFO - HTTP Request: POST https://us-central1-aiplatform.googleapis.com/v1beta1/projects/newsjuice-123456/locations/us-central1/publishers/google/models/text-embedding-004:predict "HTTP/1.1 200 OK"
2025-11-11 22:34:15,391 - httpx - INFO - HTTP Request: POST https://us-central1-aiplatform.googleapis.com/v1beta1/projects/newsjuice-123456/locations/us-central1/publishers/google/models/text-embedding-004:predict "HTTP/1.1 200 OK"
2025-11-11 22:34:15,631 - httpx - INFO - HTTP Request: POST https://us-central1-aiplatform.googleapis.com/v1beta1/projects/newsjuice-123456/locations/us-central1/publishers/google/models/text-embedding-004:predict "HTTP/1.1 200 OK"
2025-11-11 22:34:16,119 - httpx - INFO - HTTP Request: POST https://us-central1-aiplatform.googleapis.com/v1beta1/projects/newsjuice-123456/locations/us-central1/publishers/google/models/text-embedding-004:predict "HTTP/1.1 200 OK"
2025-11-11 22:34:16,360 - httpx - INFO - HTTP Request: POST https://us-central1-aiplatform.googleapis.com/v1beta1/projects/newsjuice-123456/locations/us-central1/publishers/google/models/text-embedding-004:predict "HTTP/1.1 200 OK"
2025-11-11 22:34:16,846 - httpx - INFO - HTTP Request: POST https://us-central1-aiplatform.googleapis.com/v1beta1/projects/newsjuice-123456/locations/us-central1/publishers/google/models/text-embedding-004:predict "HTTP/1.1 200 OK"
2025-11-11 22:34:17,089 - httpx - INFO - HTTP Request: POST https://us-central1-aiplatform.googleapis.com/v1beta1/projects/newsjuice-123456/locations/us-central1/publishers/google/models/text-embedding-004:predict "HTTP/1.1 200 OK"
2025-11-11 22:34:17,562 - httpx - INFO - HTTP Request: POST https://us-central1-aiplatform.googleapis.com/v1beta1/projects/newsjuice-123456/locations/us-central1/publishers/google/models/text-embedding-004:predict "HTTP/1.1 200 OK"
2025-11-11 22:34:17,821 - httpx - INFO - HTTP Request: POST https://us-central1-aiplatform.googleapis.com/v1beta1/projects/newsjuice-123456/locations/us-central1/publishers/google/models/text-embedding-004:predict "HTTP/1.1 200 OK"
2025-11-11 22:34:18,287 - httpx - INFO - HTTP Request: POST https://us-central1-aiplatform.googleapis.com/v1beta1/projects/newsjuice-123456/locations/us-central1/publishers/google/models/text-embedding-004:predict "HTTP/1.1 200 OK"
2025-11-11 22:34:18,547 - httpx - INFO - HTTP Request: POST https://us-central1-aiplatform.googleapis.com/v1beta1/projects/newsjuice-123456/locations/us-central1/publishers/google/models/text-embedding-004:predict "HTTP/1.1 200 OK"
2025-11-11 22:34:18,565 - loader - INFO - [3/3] Created 5 chunks for article_id=DUMMY-3
2025-11-11 22:34:18,575 - loader - INFO - [3/3] Starting embedding for 5 chunks
2025-11-11 22:34:19,356 - httpx - INFO - HTTP Request: POST https://us-central1-aiplatform.googleapis.com/v1beta1/projects/newsjuice-123456/locations/us-central1/publishers/google/models/text-embedding-004:predict "HTTP/1.1 200 OK"
2025-11-11 22:34:19,608 - httpx - INFO - HTTP Request: POST https://us-central1-aiplatform.googleapis.com/v1beta1/projects/newsjuice-123456/locations/us-central1/publishers/google/models/text-embedding-004:predict "HTTP/1.1 200 OK"
2025-11-11 22:34:20,064 - httpx - INFO - HTTP Request: POST https://us-central1-aiplatform.googleapis.com/v1beta1/projects/newsjuice-123456/locations/us-central1/publishers/google/models/text-embedding-004:predict "HTTP/1.1 200 OK"
2025-11-11 22:34:20,310 - httpx - INFO - HTTP Request: POST https://us-central1-aiplatform.googleapis.com/v1beta1/projects/newsjuice-123456/locations/us-central1/publishers/google/models/text-embedding-004:predict "HTTP/1.1 200 OK"
2025-11-11 22:34:20,792 - httpx - INFO - HTTP Request: POST https://us-central1-aiplatform.googleapis.com/v1beta1/projects/newsjuice-123456/locations/us-central1/publishers/google/models/text-embedding-004:predict "HTTP/1.1 200 OK"
2025-11-11 22:34:20,801 - loader - INFO - [3/3] Embedding completed for article_id=DUMMY-3
2025-11-11 22:34:21,415 - loader - INFO - [3/3] Inserted 5 chunks into chunks_vector_test
2025-11-11 22:34:21,528 - loader - INFO - [3/3] Updated vflag=1 for article_id=DUMMY-3
2025-11-11 22:34:21,529 - loader - INFO - === COMPLETED: Processed 3 articles, Total found: 3 ===
2025-11-11 22:36:05,685 - main - INFO - Health check called
2025-11-11 22:36:45,525 - main - INFO - === Starting background article processing ===
2025-11-11 22:36:45,526 - main - INFO - Background task queued successfully
2025-11-11 22:36:45,528 - loader - INFO - === Starting chunk_embed_load - Method: semantic-split ===
2025-11-11 22:36:45,529 - loader - INFO - Using tables - Articles: articles_test, Vectors: chunks_vector_test
2025-11-11 22:36:46,249 - loader - INFO - Connected to database
2025-11-11 22:36:47,855 - loader - INFO - Fetched 3 articles with vflag=0
2025-11-11 22:36:47,855 - loader - INFO - Initializing semantic splitter with VertexEmbeddings
2025-11-11 22:36:47,936 - loader - INFO - VertexEmbeddings initialized - Project: newsjuice-123456, Location: us-central1, Model: text-embedding-004, Dim: 768
2025-11-11 22:36:47,936 - loader - INFO - Semantic splitter initialized successfully
2025-11-11 22:36:47,976 - loader - INFO - VertexEmbeddings initialized - Project: newsjuice-123456, Location: us-central1, Model: text-embedding-004, Dim: 768
2025-11-11 22:36:47,976 - loader - INFO - [1/3] Processing article_id=DUMMY-1, title='Time for mandatory retirement ages for lawmakers, ...'
2025-11-11 22:36:48,894 - httpx - INFO - HTTP Request: POST https://us-central1-aiplatform.googleapis.com/v1beta1/projects/newsjuice-123456/locations/us-central1/publishers/google/models/text-embedding-004:predict "HTTP/1.1 200 OK"
2025-11-11 22:36:49,186 - httpx - INFO - HTTP Request: POST https://us-central1-aiplatform.googleapis.com/v1beta1/projects/newsjuice-123456/locations/us-central1/publishers/google/models/text-embedding-004:predict "HTTP/1.1 200 OK"
2025-11-11 22:36:49,725 - httpx - INFO - HTTP Request: POST https://us-central1-aiplatform.googleapis.com/v1beta1/projects/newsjuice-123456/locations/us-central1/publishers/google/models/text-embedding-004:predict "HTTP/1.1 200 OK"
2025-11-11 22:36:49,953 - httpx - INFO - HTTP Request: POST https://us-central1-aiplatform.googleapis.com/v1beta1/projects/newsjuice-123456/locations/us-central1/publishers/google/models/text-embedding-004:predict "HTTP/1.1 200 OK"
2025-11-11 22:36:50,517 - httpx - INFO - HTTP Request: POST https://us-central1-aiplatform.googleapis.com/v1beta1/projects/newsjuice-123456/locations/us-central1/publishers/google/models/text-embedding-004:predict "HTTP/1.1 200 OK"
2025-11-11 22:36:50,733 - httpx - INFO - HTTP Request: POST https://us-central1-aiplatform.googleapis.com/v1beta1/projects/newsjuice-123456/locations/us-central1/publishers/google/models/text-embedding-004:predict "HTTP/1.1 200 OK"
2025-11-11 22:36:51,267 - httpx - INFO - HTTP Request: POST https://us-central1-aiplatform.googleapis.com/v1beta1/projects/newsjuice-123456/locations/us-central1/publishers/google/models/text-embedding-004:predict "HTTP/1.1 200 OK"
2025-11-11 22:36:51,490 - httpx - INFO - HTTP Request: POST https://us-central1-aiplatform.googleapis.com/v1beta1/projects/newsjuice-123456/locations/us-central1/publishers/google/models/text-embedding-004:predict "HTTP/1.1 200 OK"
2025-11-11 22:36:52,154 - httpx - INFO - HTTP Request: POST https://us-central1-aiplatform.googleapis.com/v1beta1/projects/newsjuice-123456/locations/us-central1/publishers/google/models/text-embedding-004:predict "HTTP/1.1 200 OK"
2025-11-11 22:36:52,463 - httpx - INFO - HTTP Request: POST https://us-central1-aiplatform.googleapis.com/v1beta1/projects/newsjuice-123456/locations/us-central1/publishers/google/models/text-embedding-004:predict "HTTP/1.1 200 OK"
2025-11-11 22:36:52,660 - httpx - INFO - HTTP Request: POST https://us-central1-aiplatform.googleapis.com/v1beta1/projects/newsjuice-123456/locations/us-central1/publishers/google/models/text-embedding-004:predict "HTTP/1.1 200 OK"
2025-11-11 22:36:52,864 - httpx - INFO - HTTP Request: POST https://us-central1-aiplatform.googleapis.com/v1beta1/projects/newsjuice-123456/locations/us-central1/publishers/google/models/text-embedding-004:predict "HTTP/1.1 200 OK"
2025-11-11 22:36:53,057 - httpx - INFO - HTTP Request: POST https://us-central1-aiplatform.googleapis.com/v1beta1/projects/newsjuice-123456/locations/us-central1/publishers/google/models/text-embedding-004:predict "HTTP/1.1 200 OK"
2025-11-11 22:36:53,589 - httpx - INFO - HTTP Request: POST https://us-central1-aiplatform.googleapis.com/v1beta1/projects/newsjuice-123456/locations/us-central1/publishers/google/models/text-embedding-004:predict "HTTP/1.1 200 OK"
2025-11-11 22:36:53,819 - httpx - INFO - HTTP Request: POST https://us-central1-aiplatform.googleapis.com/v1beta1/projects/newsjuice-123456/locations/us-central1/publishers/google/models/text-embedding-004:predict "HTTP/1.1 200 OK"
2025-11-11 22:36:54,009 - httpx - INFO - HTTP Request: POST https://us-central1-aiplatform.googleapis.com/v1beta1/projects/newsjuice-123456/locations/us-central1/publishers/google/models/text-embedding-004:predict "HTTP/1.1 200 OK"
2025-11-11 22:36:54,213 - httpx - INFO - HTTP Request: POST https://us-central1-aiplatform.googleapis.com/v1beta1/projects/newsjuice-123456/locations/us-central1/publishers/google/models/text-embedding-004:predict "HTTP/1.1 200 OK"
2025-11-11 22:36:54,515 - httpx - INFO - HTTP Request: POST https://us-central1-aiplatform.googleapis.com/v1beta1/projects/newsjuice-123456/locations/us-central1/publishers/google/models/text-embedding-004:predict "HTTP/1.1 200 OK"
2025-11-11 22:36:54,706 - httpx - INFO - HTTP Request: POST https://us-central1-aiplatform.googleapis.com/v1beta1/projects/newsjuice-123456/locations/us-central1/publishers/google/models/text-embedding-004:predict "HTTP/1.1 200 OK"
2025-11-11 22:36:54,897 - httpx - INFO - HTTP Request: POST https://us-central1-aiplatform.googleapis.com/v1beta1/projects/newsjuice-123456/locations/us-central1/publishers/google/models/text-embedding-004:predict "HTTP/1.1 200 OK"
2025-11-11 22:36:55,085 - httpx - INFO - HTTP Request: POST https://us-central1-aiplatform.googleapis.com/v1beta1/projects/newsjuice-123456/locations/us-central1/publishers/google/models/text-embedding-004:predict "HTTP/1.1 200 OK"
2025-11-11 22:36:55,274 - httpx - INFO - HTTP Request: POST https://us-central1-aiplatform.googleapis.com/v1beta1/projects/newsjuice-123456/locations/us-central1/publishers/google/models/text-embedding-004:predict "HTTP/1.1 200 OK"
2025-11-11 22:36:55,469 - httpx - INFO - HTTP Request: POST https://us-central1-aiplatform.googleapis.com/v1beta1/projects/newsjuice-123456/locations/us-central1/publishers/google/models/text-embedding-004:predict "HTTP/1.1 200 OK"
2025-11-11 22:36:55,656 - httpx - INFO - HTTP Request: POST https://us-central1-aiplatform.googleapis.com/v1beta1/projects/newsjuice-123456/locations/us-central1/publishers/google/models/text-embedding-004:predict "HTTP/1.1 200 OK"
2025-11-11 22:36:55,853 - httpx - INFO - HTTP Request: POST https://us-central1-aiplatform.googleapis.com/v1beta1/projects/newsjuice-123456/locations/us-central1/publishers/google/models/text-embedding-004:predict "HTTP/1.1 200 OK"
2025-11-11 22:36:56,200 - httpx - INFO - HTTP Request: POST https://us-central1-aiplatform.googleapis.com/v1beta1/projects/newsjuice-123456/locations/us-central1/publishers/google/models/text-embedding-004:predict "HTTP/1.1 200 OK"
2025-11-11 22:36:56,418 - httpx - INFO - HTTP Request: POST https://us-central1-aiplatform.googleapis.com/v1beta1/projects/newsjuice-123456/locations/us-central1/publishers/google/models/text-embedding-004:predict "HTTP/1.1 200 OK"
2025-11-11 22:36:56,623 - httpx - INFO - HTTP Request: POST https://us-central1-aiplatform.googleapis.com/v1beta1/projects/newsjuice-123456/locations/us-central1/publishers/google/models/text-embedding-004:predict "HTTP/1.1 200 OK"
2025-11-11 22:36:56,825 - httpx - INFO - HTTP Request: POST https://us-central1-aiplatform.googleapis.com/v1beta1/projects/newsjuice-123456/locations/us-central1/publishers/google/models/text-embedding-004:predict "HTTP/1.1 200 OK"
2025-11-11 22:36:57,017 - httpx - INFO - HTTP Request: POST https://us-central1-aiplatform.googleapis.com/v1beta1/projects/newsjuice-123456/locations/us-central1/publishers/google/models/text-embedding-004:predict "HTTP/1.1 200 OK"
2025-11-11 22:36:57,207 - httpx - INFO - HTTP Request: POST https://us-central1-aiplatform.googleapis.com/v1beta1/projects/newsjuice-123456/locations/us-central1/publishers/google/models/text-embedding-004:predict "HTTP/1.1 200 OK"
2025-11-11 22:36:57,408 - httpx - INFO - HTTP Request: POST https://us-central1-aiplatform.googleapis.com/v1beta1/projects/newsjuice-123456/locations/us-central1/publishers/google/models/text-embedding-004:predict "HTTP/1.1 200 OK"
2025-11-11 22:36:57,597 - httpx - INFO - HTTP Request: POST https://us-central1-aiplatform.googleapis.com/v1beta1/projects/newsjuice-123456/locations/us-central1/publishers/google/models/text-embedding-004:predict "HTTP/1.1 200 OK"
2025-11-11 22:36:57,795 - httpx - INFO - HTTP Request: POST https://us-central1-aiplatform.googleapis.com/v1beta1/projects/newsjuice-123456/locations/us-central1/publishers/google/models/text-embedding-004:predict "HTTP/1.1 200 OK"
2025-11-11 22:36:58,097 - httpx - INFO - HTTP Request: POST https://us-central1-aiplatform.googleapis.com/v1beta1/projects/newsjuice-123456/locations/us-central1/publishers/google/models/text-embedding-004:predict "HTTP/1.1 200 OK"
2025-11-11 22:36:58,113 - loader - INFO - [1/3] Created 5 chunks for article_id=DUMMY-1
2025-11-11 22:36:58,123 - loader - INFO - [1/3] Starting embedding for 5 chunks
2025-11-11 22:36:59,122 - httpx - INFO - HTTP Request: POST https://us-central1-aiplatform.googleapis.com/v1beta1/projects/newsjuice-123456/locations/us-central1/publishers/google/models/text-embedding-004:predict "HTTP/1.1 200 OK"
2025-11-11 22:36:59,326 - httpx - INFO - HTTP Request: POST https://us-central1-aiplatform.googleapis.com/v1beta1/projects/newsjuice-123456/locations/us-central1/publishers/google/models/text-embedding-004:predict "HTTP/1.1 200 OK"
2025-11-11 22:36:59,836 - httpx - INFO - HTTP Request: POST https://us-central1-aiplatform.googleapis.com/v1beta1/projects/newsjuice-123456/locations/us-central1/publishers/google/models/text-embedding-004:predict "HTTP/1.1 200 OK"
2025-11-11 22:37:00,348 - httpx - INFO - HTTP Request: POST https://us-central1-aiplatform.googleapis.com/v1beta1/projects/newsjuice-123456/locations/us-central1/publishers/google/models/text-embedding-004:predict "HTTP/1.1 200 OK"
2025-11-11 22:37:00,646 - httpx - INFO - HTTP Request: POST https://us-central1-aiplatform.googleapis.com/v1beta1/projects/newsjuice-123456/locations/us-central1/publishers/google/models/text-embedding-004:predict "HTTP/1.1 200 OK"
2025-11-11 22:37:00,650 - loader - INFO - [1/3] Embedding completed for article_id=DUMMY-1
2025-11-11 22:37:01,471 - loader - INFO - [1/3] Inserted 5 chunks into chunks_vector_test
2025-11-11 22:37:01,585 - loader - INFO - [1/3] Updated vflag=1 for article_id=DUMMY-1
2025-11-11 22:37:01,585 - loader - INFO - [2/3] Processing article_id=DUMMY-2, title='In dogs, as in humans, a harsh past might bare its...'
2025-11-11 22:37:01,785 - httpx - INFO - HTTP Request: POST https://us-central1-aiplatform.googleapis.com/v1beta1/projects/newsjuice-123456/locations/us-central1/publishers/google/models/text-embedding-004:predict "HTTP/1.1 200 OK"
2025-11-11 22:37:01,984 - httpx - INFO - HTTP Request: POST https://us-central1-aiplatform.googleapis.com/v1beta1/projects/newsjuice-123456/locations/us-central1/publishers/google/models/text-embedding-004:predict "HTTP/1.1 200 OK"
2025-11-11 22:37:02,294 - httpx - INFO - HTTP Request: POST https://us-central1-aiplatform.googleapis.com/v1beta1/projects/newsjuice-123456/locations/us-central1/publishers/google/models/text-embedding-004:predict "HTTP/1.1 200 OK"
2025-11-11 22:37:02,497 - httpx - INFO - HTTP Request: POST https://us-central1-aiplatform.googleapis.com/v1beta1/projects/newsjuice-123456/locations/us-central1/publishers/google/models/text-embedding-004:predict "HTTP/1.1 200 OK"
2025-11-11 22:37:02,701 - httpx - INFO - HTTP Request: POST https://us-central1-aiplatform.googleapis.com/v1beta1/projects/newsjuice-123456/locations/us-central1/publishers/google/models/text-embedding-004:predict "HTTP/1.1 200 OK"
2025-11-11 22:37:02,899 - httpx - INFO - HTTP Request: POST https://us-central1-aiplatform.googleapis.com/v1beta1/projects/newsjuice-123456/locations/us-central1/publishers/google/models/text-embedding-004:predict "HTTP/1.1 200 OK"
2025-11-11 22:37:03,089 - httpx - INFO - HTTP Request: POST https://us-central1-aiplatform.googleapis.com/v1beta1/projects/newsjuice-123456/locations/us-central1/publishers/google/models/text-embedding-004:predict "HTTP/1.1 200 OK"
2025-11-11 22:37:03,282 - httpx - INFO - HTTP Request: POST https://us-central1-aiplatform.googleapis.com/v1beta1/projects/newsjuice-123456/locations/us-central1/publishers/google/models/text-embedding-004:predict "HTTP/1.1 200 OK"
2025-11-11 22:37:03,525 - httpx - INFO - HTTP Request: POST https://us-central1-aiplatform.googleapis.com/v1beta1/projects/newsjuice-123456/locations/us-central1/publishers/google/models/text-embedding-004:predict "HTTP/1.1 200 OK"
2025-11-11 22:37:03,716 - httpx - INFO - HTTP Request: POST https://us-central1-aiplatform.googleapis.com/v1beta1/projects/newsjuice-123456/locations/us-central1/publishers/google/models/text-embedding-004:predict "HTTP/1.1 200 OK"
2025-11-11 22:37:03,917 - httpx - INFO - HTTP Request: POST https://us-central1-aiplatform.googleapis.com/v1beta1/projects/newsjuice-123456/locations/us-central1/publishers/google/models/text-embedding-004:predict "HTTP/1.1 200 OK"
2025-11-11 22:37:04,109 - httpx - INFO - HTTP Request: POST https://us-central1-aiplatform.googleapis.com/v1beta1/projects/newsjuice-123456/locations/us-central1/publishers/google/models/text-embedding-004:predict "HTTP/1.1 200 OK"
2025-11-11 22:37:04,303 - httpx - INFO - HTTP Request: POST https://us-central1-aiplatform.googleapis.com/v1beta1/projects/newsjuice-123456/locations/us-central1/publishers/google/models/text-embedding-004:predict "HTTP/1.1 200 OK"
2025-11-11 22:37:04,495 - httpx - INFO - HTTP Request: POST https://us-central1-aiplatform.googleapis.com/v1beta1/projects/newsjuice-123456/locations/us-central1/publishers/google/models/text-embedding-004:predict "HTTP/1.1 200 OK"
2025-11-11 22:37:04,691 - httpx - INFO - HTTP Request: POST https://us-central1-aiplatform.googleapis.com/v1beta1/projects/newsjuice-123456/locations/us-central1/publishers/google/models/text-embedding-004:predict "HTTP/1.1 200 OK"
2025-11-11 22:37:04,891 - httpx - INFO - HTTP Request: POST https://us-central1-aiplatform.googleapis.com/v1beta1/projects/newsjuice-123456/locations/us-central1/publishers/google/models/text-embedding-004:predict "HTTP/1.1 200 OK"
2025-11-11 22:37:05,100 - httpx - INFO - HTTP Request: POST https://us-central1-aiplatform.googleapis.com/v1beta1/projects/newsjuice-123456/locations/us-central1/publishers/google/models/text-embedding-004:predict "HTTP/1.1 200 OK"
2025-11-11 22:37:05,282 - httpx - INFO - HTTP Request: POST https://us-central1-aiplatform.googleapis.com/v1beta1/projects/newsjuice-123456/locations/us-central1/publishers/google/models/text-embedding-004:predict "HTTP/1.1 200 OK"
2025-11-11 22:37:05,474 - httpx - INFO - HTTP Request: POST https://us-central1-aiplatform.googleapis.com/v1beta1/projects/newsjuice-123456/locations/us-central1/publishers/google/models/text-embedding-004:predict "HTTP/1.1 200 OK"
2025-11-11 22:37:05,743 - httpx - INFO - HTTP Request: POST https://us-central1-aiplatform.googleapis.com/v1beta1/projects/newsjuice-123456/locations/us-central1/publishers/google/models/text-embedding-004:predict "HTTP/1.1 200 OK"
2025-11-11 22:37:05,982 - httpx - INFO - HTTP Request: POST https://us-central1-aiplatform.googleapis.com/v1beta1/projects/newsjuice-123456/locations/us-central1/publishers/google/models/text-embedding-004:predict "HTTP/1.1 200 OK"
2025-11-11 22:37:06,172 - httpx - INFO - HTTP Request: POST https://us-central1-aiplatform.googleapis.com/v1beta1/projects/newsjuice-123456/locations/us-central1/publishers/google/models/text-embedding-004:predict "HTTP/1.1 200 OK"
2025-11-11 22:37:06,380 - httpx - INFO - HTTP Request: POST https://us-central1-aiplatform.googleapis.com/v1beta1/projects/newsjuice-123456/locations/us-central1/publishers/google/models/text-embedding-004:predict "HTTP/1.1 200 OK"
2025-11-11 22:37:06,572 - httpx - INFO - HTTP Request: POST https://us-central1-aiplatform.googleapis.com/v1beta1/projects/newsjuice-123456/locations/us-central1/publishers/google/models/text-embedding-004:predict "HTTP/1.1 200 OK"
2025-11-11 22:37:06,761 - httpx - INFO - HTTP Request: POST https://us-central1-aiplatform.googleapis.com/v1beta1/projects/newsjuice-123456/locations/us-central1/publishers/google/models/text-embedding-004:predict "HTTP/1.1 200 OK"
2025-11-11 22:37:06,953 - httpx - INFO - HTTP Request: POST https://us-central1-aiplatform.googleapis.com/v1beta1/projects/newsjuice-123456/locations/us-central1/publishers/google/models/text-embedding-004:predict "HTTP/1.1 200 OK"
2025-11-11 22:37:07,149 - httpx - INFO - HTTP Request: POST https://us-central1-aiplatform.googleapis.com/v1beta1/projects/newsjuice-123456/locations/us-central1/publishers/google/models/text-embedding-004:predict "HTTP/1.1 200 OK"
2025-11-11 22:37:07,356 - httpx - INFO - HTTP Request: POST https://us-central1-aiplatform.googleapis.com/v1beta1/projects/newsjuice-123456/locations/us-central1/publishers/google/models/text-embedding-004:predict "HTTP/1.1 200 OK"
2025-11-11 22:37:07,552 - httpx - INFO - HTTP Request: POST https://us-central1-aiplatform.googleapis.com/v1beta1/projects/newsjuice-123456/locations/us-central1/publishers/google/models/text-embedding-004:predict "HTTP/1.1 200 OK"
2025-11-11 22:37:07,561 - loader - INFO - [2/3] Created 4 chunks for article_id=DUMMY-2
2025-11-11 22:37:07,566 - loader - INFO - [2/3] Starting embedding for 4 chunks
2025-11-11 22:37:08,340 - httpx - INFO - HTTP Request: POST https://us-central1-aiplatform.googleapis.com/v1beta1/projects/newsjuice-123456/locations/us-central1/publishers/google/models/text-embedding-004:predict "HTTP/1.1 200 OK"
2025-11-11 22:37:09,107 - httpx - INFO - HTTP Request: POST https://us-central1-aiplatform.googleapis.com/v1beta1/projects/newsjuice-123456/locations/us-central1/publishers/google/models/text-embedding-004:predict "HTTP/1.1 200 OK"
2025-11-11 22:37:09,350 - httpx - INFO - HTTP Request: POST https://us-central1-aiplatform.googleapis.com/v1beta1/projects/newsjuice-123456/locations/us-central1/publishers/google/models/text-embedding-004:predict "HTTP/1.1 200 OK"
2025-11-11 22:37:09,849 - httpx - INFO - HTTP Request: POST https://us-central1-aiplatform.googleapis.com/v1beta1/projects/newsjuice-123456/locations/us-central1/publishers/google/models/text-embedding-004:predict "HTTP/1.1 200 OK"
2025-11-11 22:37:09,854 - loader - INFO - [2/3] Embedding completed for article_id=DUMMY-2
2025-11-11 22:37:10,688 - loader - INFO - [2/3] Inserted 4 chunks into chunks_vector_test
2025-11-11 22:37:10,802 - loader - INFO - [2/3] Updated vflag=1 for article_id=DUMMY-2
2025-11-11 22:37:10,802 - loader - INFO - [3/3] Processing article_id=DUMMY-3, title='Brief bursts of wisdom...'
2025-11-11 22:37:11,714 - httpx - INFO - HTTP Request: POST https://us-central1-aiplatform.googleapis.com/v1beta1/projects/newsjuice-123456/locations/us-central1/publishers/google/models/text-embedding-004:predict "HTTP/1.1 200 OK"
2025-11-11 22:37:11,961 - httpx - INFO - HTTP Request: POST https://us-central1-aiplatform.googleapis.com/v1beta1/projects/newsjuice-123456/locations/us-central1/publishers/google/models/text-embedding-004:predict "HTTP/1.1 200 OK"
2025-11-11 22:37:12,841 - httpx - INFO - HTTP Request: POST https://us-central1-aiplatform.googleapis.com/v1beta1/projects/newsjuice-123456/locations/us-central1/publishers/google/models/text-embedding-004:predict "HTTP/1.1 200 OK"
2025-11-11 22:37:13,146 - httpx - INFO - HTTP Request: POST https://us-central1-aiplatform.googleapis.com/v1beta1/projects/newsjuice-123456/locations/us-central1/publishers/google/models/text-embedding-004:predict "HTTP/1.1 200 OK"
2025-11-11 22:37:13,659 - httpx - INFO - HTTP Request: POST https://us-central1-aiplatform.googleapis.com/v1beta1/projects/newsjuice-123456/locations/us-central1/publishers/google/models/text-embedding-004:predict "HTTP/1.1 200 OK"
2025-11-11 22:37:13,965 - httpx - INFO - HTTP Request: POST https://us-central1-aiplatform.googleapis.com/v1beta1/projects/newsjuice-123456/locations/us-central1/publishers/google/models/text-embedding-004:predict "HTTP/1.1 200 OK"
2025-11-11 22:37:14,487 - httpx - INFO - HTTP Request: POST https://us-central1-aiplatform.googleapis.com/v1beta1/projects/newsjuice-123456/locations/us-central1/publishers/google/models/text-embedding-004:predict "HTTP/1.1 200 OK"
2025-11-11 22:37:14,716 - httpx - INFO - HTTP Request: POST https://us-central1-aiplatform.googleapis.com/v1beta1/projects/newsjuice-123456/locations/us-central1/publishers/google/models/text-embedding-004:predict "HTTP/1.1 200 OK"
2025-11-11 22:37:15,298 - httpx - INFO - HTTP Request: POST https://us-central1-aiplatform.googleapis.com/v1beta1/projects/newsjuice-123456/locations/us-central1/publishers/google/models/text-embedding-004:predict "HTTP/1.1 200 OK"
2025-11-11 22:37:15,517 - httpx - INFO - HTTP Request: POST https://us-central1-aiplatform.googleapis.com/v1beta1/projects/newsjuice-123456/locations/us-central1/publishers/google/models/text-embedding-004:predict "HTTP/1.1 200 OK"
2025-11-11 22:37:16,018 - httpx - INFO - HTTP Request: POST https://us-central1-aiplatform.googleapis.com/v1beta1/projects/newsjuice-123456/locations/us-central1/publishers/google/models/text-embedding-004:predict "HTTP/1.1 200 OK"
2025-11-11 22:37:16,239 - httpx - INFO - HTTP Request: POST https://us-central1-aiplatform.googleapis.com/v1beta1/projects/newsjuice-123456/locations/us-central1/publishers/google/models/text-embedding-004:predict "HTTP/1.1 200 OK"
2025-11-11 22:37:16,730 - httpx - INFO - HTTP Request: POST https://us-central1-aiplatform.googleapis.com/v1beta1/projects/newsjuice-123456/locations/us-central1/publishers/google/models/text-embedding-004:predict "HTTP/1.1 200 OK"
2025-11-11 22:37:16,971 - httpx - INFO - HTTP Request: POST https://us-central1-aiplatform.googleapis.com/v1beta1/projects/newsjuice-123456/locations/us-central1/publishers/google/models/text-embedding-004:predict "HTTP/1.1 200 OK"
2025-11-11 22:37:17,502 - httpx - INFO - HTTP Request: POST https://us-central1-aiplatform.googleapis.com/v1beta1/projects/newsjuice-123456/locations/us-central1/publishers/google/models/text-embedding-004:predict "HTTP/1.1 200 OK"
2025-11-11 22:37:17,748 - httpx - INFO - HTTP Request: POST https://us-central1-aiplatform.googleapis.com/v1beta1/projects/newsjuice-123456/locations/us-central1/publishers/google/models/text-embedding-004:predict "HTTP/1.1 200 OK"
2025-11-11 22:37:18,268 - httpx - INFO - HTTP Request: POST https://us-central1-aiplatform.googleapis.com/v1beta1/projects/newsjuice-123456/locations/us-central1/publishers/google/models/text-embedding-004:predict "HTTP/1.1 200 OK"
2025-11-11 22:37:18,577 - httpx - INFO - HTTP Request: POST https://us-central1-aiplatform.googleapis.com/v1beta1/projects/newsjuice-123456/locations/us-central1/publishers/google/models/text-embedding-004:predict "HTTP/1.1 200 OK"
2025-11-11 22:37:18,985 - httpx - INFO - HTTP Request: POST https://us-central1-aiplatform.googleapis.com/v1beta1/projects/newsjuice-123456/locations/us-central1/publishers/google/models/text-embedding-004:predict "HTTP/1.1 200 OK"
2025-11-11 22:37:19,173 - httpx - INFO - HTTP Request: POST https://us-central1-aiplatform.googleapis.com/v1beta1/projects/newsjuice-123456/locations/us-central1/publishers/google/models/text-embedding-004:predict "HTTP/1.1 200 OK"
2025-11-11 22:37:19,496 - httpx - INFO - HTTP Request: POST https://us-central1-aiplatform.googleapis.com/v1beta1/projects/newsjuice-123456/locations/us-central1/publishers/google/models/text-embedding-004:predict "HTTP/1.1 200 OK"
2025-11-11 22:37:19,690 - httpx - INFO - HTTP Request: POST https://us-central1-aiplatform.googleapis.com/v1beta1/projects/newsjuice-123456/locations/us-central1/publishers/google/models/text-embedding-004:predict "HTTP/1.1 200 OK"
2025-11-11 22:37:19,881 - httpx - INFO - HTTP Request: POST https://us-central1-aiplatform.googleapis.com/v1beta1/projects/newsjuice-123456/locations/us-central1/publishers/google/models/text-embedding-004:predict "HTTP/1.1 200 OK"
2025-11-11 22:37:20,066 - httpx - INFO - HTTP Request: POST https://us-central1-aiplatform.googleapis.com/v1beta1/projects/newsjuice-123456/locations/us-central1/publishers/google/models/text-embedding-004:predict "HTTP/1.1 200 OK"
2025-11-11 22:37:20,267 - httpx - INFO - HTTP Request: POST https://us-central1-aiplatform.googleapis.com/v1beta1/projects/newsjuice-123456/locations/us-central1/publishers/google/models/text-embedding-004:predict "HTTP/1.1 200 OK"
2025-11-11 22:37:20,520 - httpx - INFO - HTTP Request: POST https://us-central1-aiplatform.googleapis.com/v1beta1/projects/newsjuice-123456/locations/us-central1/publishers/google/models/text-embedding-004:predict "HTTP/1.1 200 OK"
2025-11-11 22:37:20,707 - httpx - INFO - HTTP Request: POST https://us-central1-aiplatform.googleapis.com/v1beta1/projects/newsjuice-123456/locations/us-central1/publishers/google/models/text-embedding-004:predict "HTTP/1.1 200 OK"
2025-11-11 22:37:20,904 - httpx - INFO - HTTP Request: POST https://us-central1-aiplatform.googleapis.com/v1beta1/projects/newsjuice-123456/locations/us-central1/publishers/google/models/text-embedding-004:predict "HTTP/1.1 200 OK"
2025-11-11 22:37:21,444 - httpx - INFO - HTTP Request: POST https://us-central1-aiplatform.googleapis.com/v1beta1/projects/newsjuice-123456/locations/us-central1/publishers/google/models/text-embedding-004:predict "HTTP/1.1 200 OK"
2025-11-11 22:37:21,861 - httpx - INFO - HTTP Request: POST https://us-central1-aiplatform.googleapis.com/v1beta1/projects/newsjuice-123456/locations/us-central1/publishers/google/models/text-embedding-004:predict "HTTP/1.1 200 OK"
2025-11-11 22:37:22,192 - httpx - INFO - HTTP Request: POST https://us-central1-aiplatform.googleapis.com/v1beta1/projects/newsjuice-123456/locations/us-central1/publishers/google/models/text-embedding-004:predict "HTTP/1.1 200 OK"
2025-11-11 22:37:22,581 - httpx - INFO - HTTP Request: POST https://us-central1-aiplatform.googleapis.com/v1beta1/projects/newsjuice-123456/locations/us-central1/publishers/google/models/text-embedding-004:predict "HTTP/1.1 200 OK"
2025-11-11 22:37:22,970 - httpx - INFO - HTTP Request: POST https://us-central1-aiplatform.googleapis.com/v1beta1/projects/newsjuice-123456/locations/us-central1/publishers/google/models/text-embedding-004:predict "HTTP/1.1 200 OK"
2025-11-11 22:37:23,387 - httpx - INFO - HTTP Request: POST https://us-central1-aiplatform.googleapis.com/v1beta1/projects/newsjuice-123456/locations/us-central1/publishers/google/models/text-embedding-004:predict "HTTP/1.1 200 OK"
2025-11-11 22:37:23,798 - httpx - INFO - HTTP Request: POST https://us-central1-aiplatform.googleapis.com/v1beta1/projects/newsjuice-123456/locations/us-central1/publishers/google/models/text-embedding-004:predict "HTTP/1.1 200 OK"
2025-11-11 22:37:24,104 - httpx - INFO - HTTP Request: POST https://us-central1-aiplatform.googleapis.com/v1beta1/projects/newsjuice-123456/locations/us-central1/publishers/google/models/text-embedding-004:predict "HTTP/1.1 200 OK"
2025-11-11 22:37:24,618 - httpx - INFO - HTTP Request: POST https://us-central1-aiplatform.googleapis.com/v1beta1/projects/newsjuice-123456/locations/us-central1/publishers/google/models/text-embedding-004:predict "HTTP/1.1 200 OK"
2025-11-11 22:37:24,857 - httpx - INFO - HTTP Request: POST https://us-central1-aiplatform.googleapis.com/v1beta1/projects/newsjuice-123456/locations/us-central1/publishers/google/models/text-embedding-004:predict "HTTP/1.1 200 OK"
2025-11-11 22:37:25,436 - httpx - INFO - HTTP Request: POST https://us-central1-aiplatform.googleapis.com/v1beta1/projects/newsjuice-123456/locations/us-central1/publishers/google/models/text-embedding-004:predict "HTTP/1.1 200 OK"
2025-11-11 22:37:25,667 - httpx - INFO - HTTP Request: POST https://us-central1-aiplatform.googleapis.com/v1beta1/projects/newsjuice-123456/locations/us-central1/publishers/google/models/text-embedding-004:predict "HTTP/1.1 200 OK"
2025-11-11 22:37:25,680 - loader - INFO - [3/3] Created 5 chunks for article_id=DUMMY-3
2025-11-11 22:37:25,685 - loader - INFO - [3/3] Starting embedding for 5 chunks
2025-11-11 22:37:26,474 - httpx - INFO - HTTP Request: POST https://us-central1-aiplatform.googleapis.com/v1beta1/projects/newsjuice-123456/locations/us-central1/publishers/google/models/text-embedding-004:predict "HTTP/1.1 200 OK"
2025-11-11 22:37:26,726 - httpx - INFO - HTTP Request: POST https://us-central1-aiplatform.googleapis.com/v1beta1/projects/newsjuice-123456/locations/us-central1/publishers/google/models/text-embedding-004:predict "HTTP/1.1 200 OK"
2025-11-11 22:37:27,188 - httpx - INFO - HTTP Request: POST https://us-central1-aiplatform.googleapis.com/v1beta1/projects/newsjuice-123456/locations/us-central1/publishers/google/models/text-embedding-004:predict "HTTP/1.1 200 OK"
2025-11-11 22:37:27,482 - httpx - INFO - HTTP Request: POST https://us-central1-aiplatform.googleapis.com/v1beta1/projects/newsjuice-123456/locations/us-central1/publishers/google/models/text-embedding-004:predict "HTTP/1.1 200 OK"
2025-11-11 22:37:27,882 - httpx - INFO - HTTP Request: POST https://us-central1-aiplatform.googleapis.com/v1beta1/projects/newsjuice-123456/locations/us-central1/publishers/google/models/text-embedding-004:predict "HTTP/1.1 200 OK"
2025-11-11 22:37:27,885 - loader - INFO - [3/3] Embedding completed for article_id=DUMMY-3
2025-11-11 22:37:28,496 - loader - INFO - [3/3] Inserted 5 chunks into chunks_vector_test
2025-11-11 22:37:28,613 - loader - INFO - [3/3] Updated vflag=1 for article_id=DUMMY-3
2025-11-11 22:37:28,614 - loader - INFO - === COMPLETED: Processed 3 articles, Total found: 3 ===
2025-11-11 22:47:31,688 - main - INFO - === Starting background article processing ===
2025-11-11 22:47:31,697 - main - INFO - Background task queued successfully
2025-11-11 22:47:31,699 - loader - INFO - === Starting chunk_embed_load - Method: semantic-split ===
2025-11-11 22:47:31,699 - loader - INFO - Using tables - Articles: articles_test, Vectors: chunks_vector_test
2025-11-11 22:47:32,413 - loader - INFO - Connected to database
2025-11-11 22:47:33,882 - loader - INFO - Fetched 0 articles with vflag=0
2025-11-11 22:47:33,882 - loader - INFO - No new articles to process
